{"C:\\Users\\shubham\\Documents\\ReactNative\\Orbit\\src\\app\\_layout.tsx": {"path":"C:\\Users\\shubham\\Documents\\ReactNative\\Orbit\\src\\app\\_layout.tsx","statementMap":{"0":{"start":{"line":14,"column":20},"end":{"line":14,"column":37}},"1":{"start":{"line":16,"column":0},"end":{"line":16,"column":36}},"2":{"start":{"line":19,"column":22},"end":{"line":19,"column":38}},"3":{"start":{"line":20,"column":22},"end":{"line":20,"column":64}},"4":{"start":{"line":20,"column":46},"end":{"line":20,"column":63}},"5":{"start":{"line":21,"column":46},"end":{"line":21,"column":58}},"6":{"start":{"line":23,"column":2},"end":{"line":41,"column":39}},"7":{"start":{"line":24,"column":17},"end":{"line":38,"column":5}},"8":{"start":{"line":25,"column":6},"end":{"line":25,"column":26}},"9":{"start":{"line":28,"column":6},"end":{"line":35,"column":7}},"10":{"start":{"line":29,"column":25},"end":{"line":29,"column":56}},"11":{"start":{"line":30,"column":8},"end":{"line":32,"column":9}},"12":{"start":{"line":31,"column":10},"end":{"line":31,"column":38}},"13":{"start":{"line":34,"column":8},"end":{"line":34,"column":52}},"14":{"start":{"line":37,"column":6},"end":{"line":37,"column":31}},"15":{"start":{"line":40,"column":4},"end":{"line":40,"column":11}},"16":{"start":{"line":43,"column":2},"end":{"line":54,"column":4}}},"fnMap":{"0":{"name":"RootLayout","decl":{"start":{"line":18,"column":24},"end":{"line":18,"column":34}},"loc":{"start":{"line":18,"column":37},"end":{"line":55,"column":1}},"line":18},"1":{"name":"(anonymous_1)","decl":{"start":{"line":20,"column":35},"end":{"line":20,"column":36}},"loc":{"start":{"line":20,"column":46},"end":{"line":20,"column":63}},"line":20},"2":{"name":"(anonymous_2)","decl":{"start":{"line":23,"column":12},"end":{"line":23,"column":13}},"loc":{"start":{"line":23,"column":18},"end":{"line":41,"column":3}},"line":23},"3":{"name":"(anonymous_3)","decl":{"start":{"line":24,"column":17},"end":{"line":24,"column":18}},"loc":{"start":{"line":24,"column":29},"end":{"line":38,"column":5}},"line":24}},"branchMap":{"0":{"loc":{"start":{"line":30,"column":8},"end":{"line":32,"column":9}},"type":"if","locations":[{"start":{"line":30,"column":8},"end":{"line":32,"column":9}},{"start":{},"end":{}}],"line":30},"1":{"loc":{"start":{"line":30,"column":12},"end":{"line":30,"column":63}},"type":"binary-expr","locations":[{"start":{"line":30,"column":12},"end":{"line":30,"column":42}},{"start":{"line":30,"column":46},"end":{"line":30,"column":63}}],"line":30},"2":{"loc":{"start":{"line":46,"column":30},"end":{"line":46,"column":79}},"type":"cond-expr","locations":[{"start":{"line":46,"column":55},"end":{"line":46,"column":64}},{"start":{"line":46,"column":67},"end":{"line":46,"column":79}}],"line":46}},"s":{"0":0,"1":0,"2":0,"3":0,"4":0,"5":0,"6":0,"7":0,"8":0,"9":0,"10":0,"11":0,"12":0,"13":0,"14":0,"15":0,"16":0},"f":{"0":0,"1":0,"2":0,"3":0},"b":{"0":[0,0],"1":[0,0],"2":[0,0]}}
,"C:\\Users\\shubham\\Documents\\ReactNative\\Orbit\\src\\app\\explore.tsx": {"path":"C:\\Users\\shubham\\Documents\\ReactNative\\Orbit\\src\\app\\explore.tsx","statementMap":{"0":{"start":{"line":15,"column":25},"end":{"line":15,"column":44}},"1":{"start":{"line":16,"column":17},"end":{"line":19,"column":3}},"2":{"start":{"line":20,"column":16},"end":{"line":20,"column":26}},"3":{"start":{"line":22,"column":31},"end":{"line":33,"column":4}},"4":{"start":{"line":35,"column":2},"end":{"line":125,"column":4}},"5":{"start":{"line":48,"column":47},"end":{"line":48,"column":72}},"6":{"start":{"line":128,"column":15},"end":{"line":180,"column":2}}},"fnMap":{"0":{"name":"TabTwoScreen","decl":{"start":{"line":14,"column":24},"end":{"line":14,"column":36}},"loc":{"start":{"line":14,"column":39},"end":{"line":126,"column":1}},"line":14},"1":{"name":"(anonymous_1)","decl":{"start":{"line":48,"column":30},"end":{"line":48,"column":31}},"loc":{"start":{"line":48,"column":47},"end":{"line":48,"column":72}},"line":48}},"branchMap":{"0":{"loc":{"start":{"line":48,"column":47},"end":{"line":48,"column":72}},"type":"binary-expr","locations":[{"start":{"line":48,"column":47},"end":{"line":48,"column":54}},{"start":{"line":48,"column":58},"end":{"line":48,"column":72}}],"line":48},"1":{"loc":{"start":{"line":122,"column":9},"end":{"line":122,"column":46}},"type":"binary-expr","locations":[{"start":{"line":122,"column":9},"end":{"line":122,"column":30}},{"start":{"line":122,"column":34},"end":{"line":122,"column":46}}],"line":122}},"s":{"0":0,"1":0,"2":0,"3":0,"4":0,"5":0,"6":0},"f":{"0":0,"1":0},"b":{"0":[0,0],"1":[0,0]}}
,"C:\\Users\\shubham\\Documents\\ReactNative\\Orbit\\src\\app\\(auth)\\_layout.tsx": {"path":"C:\\Users\\shubham\\Documents\\ReactNative\\Orbit\\src\\app\\(auth)\\_layout.tsx","statementMap":{"0":{"start":{"line":4,"column":2},"end":{"line":9,"column":4}}},"fnMap":{"0":{"name":"AuthLayout","decl":{"start":{"line":3,"column":24},"end":{"line":3,"column":34}},"loc":{"start":{"line":3,"column":37},"end":{"line":10,"column":1}},"line":3}},"branchMap":{},"s":{"0":0},"f":{"0":0},"b":{}}
,"C:\\Users\\shubham\\Documents\\ReactNative\\Orbit\\src\\app\\(auth)\\login.tsx": {"path":"C:\\Users\\shubham\\Documents\\ReactNative\\Orbit\\src\\app\\(auth)\\login.tsx","statementMap":{"0":{"start":{"line":10,"column":17},"end":{"line":10,"column":28}},"1":{"start":{"line":12,"column":2},"end":{"line":20,"column":4}},"2":{"start":{"line":17,"column":43},"end":{"line":17,"column":74}},"3":{"start":{"line":18,"column":84},"end":{"line":18,"column":106}}},"fnMap":{"0":{"name":"LoginScreen","decl":{"start":{"line":9,"column":24},"end":{"line":9,"column":35}},"loc":{"start":{"line":9,"column":38},"end":{"line":21,"column":1}},"line":9},"1":{"name":"(anonymous_1)","decl":{"start":{"line":17,"column":37},"end":{"line":17,"column":38}},"loc":{"start":{"line":17,"column":43},"end":{"line":17,"column":74}},"line":17},"2":{"name":"(anonymous_2)","decl":{"start":{"line":18,"column":78},"end":{"line":18,"column":79}},"loc":{"start":{"line":18,"column":84},"end":{"line":18,"column":106}},"line":18}},"branchMap":{},"s":{"0":0,"1":0,"2":0,"3":0},"f":{"0":0,"1":0,"2":0},"b":{}}
,"C:\\Users\\shubham\\Documents\\ReactNative\\Orbit\\src\\app\\(auth)\\signup.tsx": {"path":"C:\\Users\\shubham\\Documents\\ReactNative\\Orbit\\src\\app\\(auth)\\signup.tsx","statementMap":{"0":{"start":{"line":10,"column":17},"end":{"line":10,"column":28}},"1":{"start":{"line":12,"column":2},"end":{"line":21,"column":4}},"2":{"start":{"line":18,"column":45},"end":{"line":18,"column":76}},"3":{"start":{"line":19,"column":84},"end":{"line":19,"column":105}}},"fnMap":{"0":{"name":"SignupScreen","decl":{"start":{"line":9,"column":24},"end":{"line":9,"column":36}},"loc":{"start":{"line":9,"column":39},"end":{"line":22,"column":1}},"line":9},"1":{"name":"(anonymous_1)","decl":{"start":{"line":18,"column":39},"end":{"line":18,"column":40}},"loc":{"start":{"line":18,"column":45},"end":{"line":18,"column":76}},"line":18},"2":{"name":"(anonymous_2)","decl":{"start":{"line":19,"column":78},"end":{"line":19,"column":79}},"loc":{"start":{"line":19,"column":84},"end":{"line":19,"column":105}},"line":19}},"branchMap":{},"s":{"0":0,"1":0,"2":0,"3":0},"f":{"0":0,"1":0,"2":0},"b":{}}
,"C:\\Users\\shubham\\Documents\\ReactNative\\Orbit\\src\\app\\(auth)\\__tests__\\login.test.tsx": {"path":"C:\\Users\\shubham\\Documents\\ReactNative\\Orbit\\src\\app\\(auth)\\__tests__\\login.test.tsx","statementMap":{"0":{"start":{"line":6,"column":0},"end":{"line":8,"column":4}},"1":{"start":{"line":6,"column":32},"end":{"line":8,"column":1}},"2":{"start":{"line":10,"column":0},"end":{"line":21,"column":3}},"3":{"start":{"line":11,"column":2},"end":{"line":20,"column":5}},"4":{"start":{"line":12,"column":24},"end":{"line":12,"column":33}},"5":{"start":{"line":13,"column":4},"end":{"line":13,"column":71}},"6":{"start":{"line":15,"column":4},"end":{"line":15,"column":28}},"7":{"start":{"line":16,"column":4},"end":{"line":16,"column":60}},"8":{"start":{"line":18,"column":4},"end":{"line":18,"column":47}},"9":{"start":{"line":19,"column":4},"end":{"line":19,"column":62}}},"fnMap":{"0":{"name":"(anonymous_0)","decl":{"start":{"line":6,"column":25},"end":{"line":6,"column":26}},"loc":{"start":{"line":6,"column":32},"end":{"line":8,"column":1}},"line":6},"1":{"name":"(anonymous_1)","decl":{"start":{"line":10,"column":24},"end":{"line":10,"column":25}},"loc":{"start":{"line":10,"column":30},"end":{"line":21,"column":1}},"line":10},"2":{"name":"(anonymous_2)","decl":{"start":{"line":11,"column":49},"end":{"line":11,"column":50}},"loc":{"start":{"line":11,"column":55},"end":{"line":20,"column":3}},"line":11}},"branchMap":{},"s":{"0":0,"1":0,"2":0,"3":0,"4":0,"5":0,"6":0,"7":0,"8":0,"9":0},"f":{"0":0,"1":0,"2":0},"b":{}}
,"C:\\Users\\shubham\\Documents\\ReactNative\\Orbit\\src\\app\\(tabs)\\_layout.tsx": {"path":"C:\\Users\\shubham\\Documents\\ReactNative\\Orbit\\src\\app\\(tabs)\\_layout.tsx","statementMap":{"0":{"start":{"line":17,"column":17},"end":{"line":17,"column":27}},"1":{"start":{"line":19,"column":2},"end":{"line":81,"column":4}},"2":{"start":{"line":38,"column":43},"end":{"line":38,"column":76}},"3":{"start":{"line":45,"column":43},"end":{"line":45,"column":79}},"4":{"start":{"line":52,"column":43},"end":{"line":52,"column":84}},"5":{"start":{"line":59,"column":43},"end":{"line":59,"column":81}},"6":{"start":{"line":66,"column":43},"end":{"line":66,"column":82}},"7":{"start":{"line":73,"column":43},"end":{"line":73,"column":81}}},"fnMap":{"0":{"name":"TabLayout","decl":{"start":{"line":16,"column":24},"end":{"line":16,"column":33}},"loc":{"start":{"line":16,"column":36},"end":{"line":82,"column":1}},"line":16},"1":{"name":"(anonymous_1)","decl":{"start":{"line":38,"column":22},"end":{"line":38,"column":23}},"loc":{"start":{"line":38,"column":43},"end":{"line":38,"column":76}},"line":38},"2":{"name":"(anonymous_2)","decl":{"start":{"line":45,"column":22},"end":{"line":45,"column":23}},"loc":{"start":{"line":45,"column":43},"end":{"line":45,"column":79}},"line":45},"3":{"name":"(anonymous_3)","decl":{"start":{"line":52,"column":22},"end":{"line":52,"column":23}},"loc":{"start":{"line":52,"column":43},"end":{"line":52,"column":84}},"line":52},"4":{"name":"(anonymous_4)","decl":{"start":{"line":59,"column":22},"end":{"line":59,"column":23}},"loc":{"start":{"line":59,"column":43},"end":{"line":59,"column":81}},"line":59},"5":{"name":"(anonymous_5)","decl":{"start":{"line":66,"column":22},"end":{"line":66,"column":23}},"loc":{"start":{"line":66,"column":43},"end":{"line":66,"column":82}},"line":66},"6":{"name":"(anonymous_6)","decl":{"start":{"line":73,"column":22},"end":{"line":73,"column":23}},"loc":{"start":{"line":73,"column":43},"end":{"line":73,"column":81}},"line":73}},"branchMap":{},"s":{"0":0,"1":0,"2":0,"3":0,"4":0,"5":0,"6":0,"7":0},"f":{"0":0,"1":0,"2":0,"3":0,"4":0,"5":0,"6":0},"b":{}}
,"C:\\Users\\shubham\\Documents\\ReactNative\\Orbit\\src\\app\\(tabs)\\__tests__\\_layout.test.tsx": {"path":"C:\\Users\\shubham\\Documents\\ReactNative\\Orbit\\src\\app\\(tabs)\\__tests__\\_layout.test.tsx","statementMap":{"0":{"start":{"line":6,"column":0},"end":{"line":14,"column":3}},"1":{"start":{"line":7,"column":16},"end":{"line":7,"column":32}},"2":{"start":{"line":8,"column":19},"end":{"line":8,"column":42}},"3":{"start":{"line":9,"column":2},"end":{"line":13,"column":4}},"4":{"start":{"line":10,"column":47},"end":{"line":10,"column":107}},"5":{"start":{"line":11,"column":20},"end":{"line":11,"column":24}},"6":{"start":{"line":16,"column":0},"end":{"line":21,"column":3}},"7":{"start":{"line":17,"column":2},"end":{"line":20,"column":5}},"8":{"start":{"line":18,"column":23},"end":{"line":18,"column":44}},"9":{"start":{"line":19,"column":4},"end":{"line":19,"column":34}}},"fnMap":{"0":{"name":"(anonymous_0)","decl":{"start":{"line":6,"column":25},"end":{"line":6,"column":26}},"loc":{"start":{"line":6,"column":31},"end":{"line":14,"column":1}},"line":6},"1":{"name":"(anonymous_1)","decl":{"start":{"line":10,"column":24},"end":{"line":10,"column":25}},"loc":{"start":{"line":10,"column":47},"end":{"line":10,"column":107}},"line":10},"2":{"name":"(anonymous_2)","decl":{"start":{"line":11,"column":14},"end":{"line":11,"column":15}},"loc":{"start":{"line":11,"column":20},"end":{"line":11,"column":24}},"line":11},"3":{"name":"(anonymous_3)","decl":{"start":{"line":16,"column":22},"end":{"line":16,"column":23}},"loc":{"start":{"line":16,"column":28},"end":{"line":21,"column":1}},"line":16},"4":{"name":"(anonymous_4)","decl":{"start":{"line":17,"column":26},"end":{"line":17,"column":27}},"loc":{"start":{"line":17,"column":32},"end":{"line":20,"column":3}},"line":17}},"branchMap":{},"s":{"0":0,"1":0,"2":0,"3":0,"4":0,"5":0,"6":0,"7":0,"8":0,"9":0},"f":{"0":0,"1":0,"2":0,"3":0,"4":0},"b":{}}
,"C:\\Users\\shubham\\Documents\\ReactNative\\Orbit\\src\\app\\(tabs)\\goals\\__tests__\\index.test.tsx": {"path":"C:\\Users\\shubham\\Documents\\ReactNative\\Orbit\\src\\app\\(tabs)\\goals\\__tests__\\index.test.tsx","statementMap":{"0":{"start":{"line":6,"column":0},"end":{"line":28,"column":3}},"1":{"start":{"line":7,"column":16},"end":{"line":7,"column":32}},"2":{"start":{"line":8,"column":19},"end":{"line":8,"column":42}},"3":{"start":{"line":9,"column":19},"end":{"line":11,"column":3}},"4":{"start":{"line":10,"column":4},"end":{"line":10,"column":76}},"5":{"start":{"line":10,"column":22},"end":{"line":10,"column":75}},"6":{"start":{"line":12,"column":2},"end":{"line":27,"column":4}},"7":{"start":{"line":30,"column":0},"end":{"line":32,"column":4}},"8":{"start":{"line":30,"column":25},"end":{"line":32,"column":1}},"9":{"start":{"line":34,"column":0},"end":{"line":44,"column":3}},"10":{"start":{"line":35,"column":17},"end":{"line":35,"column":60}},"11":{"start":{"line":36,"column":2},"end":{"line":43,"column":4}},"12":{"start":{"line":40,"column":35},"end":{"line":42,"column":5}},"13":{"start":{"line":46,"column":0},"end":{"line":46,"column":47}},"14":{"start":{"line":48,"column":0},"end":{"line":75,"column":3}},"15":{"start":{"line":49,"column":2},"end":{"line":51,"column":5}},"16":{"start":{"line":50,"column":4},"end":{"line":50,"column":25}},"17":{"start":{"line":53,"column":2},"end":{"line":57,"column":5}},"18":{"start":{"line":54,"column":4},"end":{"line":54,"column":65}},"19":{"start":{"line":55,"column":4},"end":{"line":55,"column":28}},"20":{"start":{"line":56,"column":4},"end":{"line":56,"column":60}},"21":{"start":{"line":59,"column":2},"end":{"line":65,"column":5}},"22":{"start":{"line":60,"column":22},"end":{"line":60,"column":90}},"23":{"start":{"line":61,"column":4},"end":{"line":61,"column":83}},"24":{"start":{"line":62,"column":4},"end":{"line":62,"column":88}},"25":{"start":{"line":63,"column":4},"end":{"line":63,"column":28}},"26":{"start":{"line":64,"column":4},"end":{"line":64,"column":52}},"27":{"start":{"line":67,"column":2},"end":{"line":74,"column":5}},"28":{"start":{"line":68,"column":4},"end":{"line":68,"column":76}},"29":{"start":{"line":69,"column":4},"end":{"line":69,"column":88}},"30":{"start":{"line":70,"column":4},"end":{"line":70,"column":28}},"31":{"start":{"line":72,"column":4},"end":{"line":72,"column":50}},"32":{"start":{"line":73,"column":4},"end":{"line":73,"column":61}}},"fnMap":{"0":{"name":"(anonymous_0)","decl":{"start":{"line":6,"column":33},"end":{"line":6,"column":34}},"loc":{"start":{"line":6,"column":39},"end":{"line":28,"column":1}},"line":6},"1":{"name":"(anonymous_1)","decl":{"start":{"line":9,"column":19},"end":{"line":9,"column":20}},"loc":{"start":{"line":9,"column":29},"end":{"line":11,"column":3}},"line":9},"2":{"name":"(anonymous_2)","decl":{"start":{"line":10,"column":11},"end":{"line":10,"column":12}},"loc":{"start":{"line":10,"column":22},"end":{"line":10,"column":75}},"line":10},"3":{"name":"(anonymous_3)","decl":{"start":{"line":30,"column":18},"end":{"line":30,"column":19}},"loc":{"start":{"line":30,"column":25},"end":{"line":32,"column":1}},"line":30},"4":{"name":"(anonymous_4)","decl":{"start":{"line":34,"column":35},"end":{"line":34,"column":36}},"loc":{"start":{"line":34,"column":41},"end":{"line":44,"column":1}},"line":34},"5":{"name":"(anonymous_5)","decl":{"start":{"line":40,"column":28},"end":{"line":40,"column":29}},"loc":{"start":{"line":40,"column":35},"end":{"line":42,"column":5}},"line":40},"6":{"name":"(anonymous_6)","decl":{"start":{"line":48,"column":24},"end":{"line":48,"column":25}},"loc":{"start":{"line":48,"column":30},"end":{"line":75,"column":1}},"line":48},"7":{"name":"(anonymous_7)","decl":{"start":{"line":49,"column":13},"end":{"line":49,"column":14}},"loc":{"start":{"line":49,"column":19},"end":{"line":51,"column":3}},"line":49},"8":{"name":"(anonymous_8)","decl":{"start":{"line":53,"column":30},"end":{"line":53,"column":31}},"loc":{"start":{"line":53,"column":36},"end":{"line":57,"column":3}},"line":53},"9":{"name":"(anonymous_9)","decl":{"start":{"line":59,"column":27},"end":{"line":59,"column":28}},"loc":{"start":{"line":59,"column":33},"end":{"line":65,"column":3}},"line":59},"10":{"name":"(anonymous_10)","decl":{"start":{"line":67,"column":38},"end":{"line":67,"column":39}},"loc":{"start":{"line":67,"column":44},"end":{"line":74,"column":3}},"line":67}},"branchMap":{},"s":{"0":0,"1":0,"2":0,"3":0,"4":0,"5":0,"6":0,"7":0,"8":0,"9":0,"10":0,"11":0,"12":0,"13":0,"14":0,"15":0,"16":0,"17":0,"18":0,"19":0,"20":0,"21":0,"22":0,"23":0,"24":0,"25":0,"26":0,"27":0,"28":0,"29":0,"30":0,"31":0,"32":0},"f":{"0":0,"1":0,"2":0,"3":0,"4":0,"5":0,"6":0,"7":0,"8":0,"9":0,"10":0},"b":{}}
,"C:\\Users\\shubham\\Documents\\ReactNative\\Orbit\\src\\app\\(tabs)\\today\\__tests__\\index.test.tsx": {"path":"C:\\Users\\shubham\\Documents\\ReactNative\\Orbit\\src\\app\\(tabs)\\today\\__tests__\\index.test.tsx","statementMap":{"0":{"start":{"line":6,"column":0},"end":{"line":28,"column":3}},"1":{"start":{"line":7,"column":16},"end":{"line":7,"column":32}},"2":{"start":{"line":8,"column":19},"end":{"line":8,"column":42}},"3":{"start":{"line":9,"column":19},"end":{"line":11,"column":3}},"4":{"start":{"line":10,"column":4},"end":{"line":10,"column":76}},"5":{"start":{"line":10,"column":22},"end":{"line":10,"column":75}},"6":{"start":{"line":12,"column":2},"end":{"line":27,"column":4}},"7":{"start":{"line":30,"column":0},"end":{"line":40,"column":3}},"8":{"start":{"line":31,"column":17},"end":{"line":31,"column":60}},"9":{"start":{"line":32,"column":2},"end":{"line":39,"column":4}},"10":{"start":{"line":36,"column":35},"end":{"line":38,"column":5}},"11":{"start":{"line":42,"column":0},"end":{"line":47,"column":4}},"12":{"start":{"line":42,"column":48},"end":{"line":47,"column":1}},"13":{"start":{"line":49,"column":0},"end":{"line":81,"column":3}},"14":{"start":{"line":50,"column":2},"end":{"line":52,"column":5}},"15":{"start":{"line":51,"column":4},"end":{"line":51,"column":25}},"16":{"start":{"line":54,"column":2},"end":{"line":58,"column":5}},"17":{"start":{"line":55,"column":4},"end":{"line":55,"column":65}},"18":{"start":{"line":56,"column":4},"end":{"line":56,"column":28}},"19":{"start":{"line":57,"column":4},"end":{"line":57,"column":60}},"20":{"start":{"line":60,"column":2},"end":{"line":64,"column":5}},"21":{"start":{"line":61,"column":4},"end":{"line":61,"column":93}},"22":{"start":{"line":62,"column":4},"end":{"line":62,"column":28}},"23":{"start":{"line":63,"column":4},"end":{"line":63,"column":52}},"24":{"start":{"line":66,"column":2},"end":{"line":71,"column":5}},"25":{"start":{"line":67,"column":4},"end":{"line":67,"column":76}},"26":{"start":{"line":68,"column":4},"end":{"line":68,"column":69}},"27":{"start":{"line":69,"column":4},"end":{"line":69,"column":28}},"28":{"start":{"line":70,"column":4},"end":{"line":70,"column":63}},"29":{"start":{"line":73,"column":2},"end":{"line":80,"column":5}},"30":{"start":{"line":74,"column":21},"end":{"line":74,"column":86}},"31":{"start":{"line":75,"column":4},"end":{"line":75,"column":82}},"32":{"start":{"line":76,"column":4},"end":{"line":76,"column":69}},"33":{"start":{"line":77,"column":4},"end":{"line":77,"column":28}},"34":{"start":{"line":78,"column":4},"end":{"line":78,"column":50}},"35":{"start":{"line":79,"column":4},"end":{"line":79,"column":50}}},"fnMap":{"0":{"name":"(anonymous_0)","decl":{"start":{"line":6,"column":33},"end":{"line":6,"column":34}},"loc":{"start":{"line":6,"column":39},"end":{"line":28,"column":1}},"line":6},"1":{"name":"(anonymous_1)","decl":{"start":{"line":9,"column":19},"end":{"line":9,"column":20}},"loc":{"start":{"line":9,"column":29},"end":{"line":11,"column":3}},"line":9},"2":{"name":"(anonymous_2)","decl":{"start":{"line":10,"column":11},"end":{"line":10,"column":12}},"loc":{"start":{"line":10,"column":22},"end":{"line":10,"column":75}},"line":10},"3":{"name":"(anonymous_3)","decl":{"start":{"line":30,"column":35},"end":{"line":30,"column":36}},"loc":{"start":{"line":30,"column":41},"end":{"line":40,"column":1}},"line":30},"4":{"name":"(anonymous_4)","decl":{"start":{"line":36,"column":28},"end":{"line":36,"column":29}},"loc":{"start":{"line":36,"column":35},"end":{"line":38,"column":5}},"line":36},"5":{"name":"(anonymous_5)","decl":{"start":{"line":42,"column":41},"end":{"line":42,"column":42}},"loc":{"start":{"line":42,"column":48},"end":{"line":47,"column":1}},"line":42},"6":{"name":"(anonymous_6)","decl":{"start":{"line":49,"column":24},"end":{"line":49,"column":25}},"loc":{"start":{"line":49,"column":30},"end":{"line":81,"column":1}},"line":49},"7":{"name":"(anonymous_7)","decl":{"start":{"line":50,"column":13},"end":{"line":50,"column":14}},"loc":{"start":{"line":50,"column":19},"end":{"line":52,"column":3}},"line":50},"8":{"name":"(anonymous_8)","decl":{"start":{"line":54,"column":30},"end":{"line":54,"column":31}},"loc":{"start":{"line":54,"column":36},"end":{"line":58,"column":3}},"line":54},"9":{"name":"(anonymous_9)","decl":{"start":{"line":60,"column":28},"end":{"line":60,"column":29}},"loc":{"start":{"line":60,"column":34},"end":{"line":64,"column":3}},"line":60},"10":{"name":"(anonymous_10)","decl":{"start":{"line":66,"column":28},"end":{"line":66,"column":29}},"loc":{"start":{"line":66,"column":34},"end":{"line":71,"column":3}},"line":66},"11":{"name":"(anonymous_11)","decl":{"start":{"line":73,"column":30},"end":{"line":73,"column":31}},"loc":{"start":{"line":73,"column":36},"end":{"line":80,"column":3}},"line":73}},"branchMap":{},"s":{"0":0,"1":0,"2":0,"3":0,"4":0,"5":0,"6":0,"7":0,"8":0,"9":0,"10":0,"11":0,"12":0,"13":0,"14":0,"15":0,"16":0,"17":0,"18":0,"19":0,"20":0,"21":0,"22":0,"23":0,"24":0,"25":0,"26":0,"27":0,"28":0,"29":0,"30":0,"31":0,"32":0,"33":0,"34":0,"35":0},"f":{"0":0,"1":0,"2":0,"3":0,"4":0,"5":0,"6":0,"7":0,"8":0,"9":0,"10":0,"11":0},"b":{}}
,"C:\\Users\\shubham\\Documents\\ReactNative\\Orbit\\src\\app\\__tests__\\navigation.test.tsx": {"path":"C:\\Users\\shubham\\Documents\\ReactNative\\Orbit\\src\\app\\__tests__\\navigation.test.tsx","statementMap":{"0":{"start":{"line":8,"column":0},"end":{"line":13,"column":3}},"1":{"start":{"line":9,"column":2},"end":{"line":12,"column":5}},"2":{"start":{"line":11,"column":4},"end":{"line":11,"column":28}}},"fnMap":{"0":{"name":"(anonymous_0)","decl":{"start":{"line":8,"column":23},"end":{"line":8,"column":24}},"loc":{"start":{"line":8,"column":29},"end":{"line":13,"column":1}},"line":8},"1":{"name":"(anonymous_1)","decl":{"start":{"line":9,"column":41},"end":{"line":9,"column":42}},"loc":{"start":{"line":9,"column":47},"end":{"line":12,"column":3}},"line":9}},"branchMap":{},"s":{"0":0,"1":0,"2":0},"f":{"0":0,"1":0},"b":{}}
,"C:\\Users\\shubham\\Documents\\ReactNative\\Orbit\\src\\app\\goals\\[id]\\roadmap.tsx": {"path":"C:\\Users\\shubham\\Documents\\ReactNative\\Orbit\\src\\app\\goals\\[id]\\roadmap.tsx","statementMap":{"0":{"start":{"line":19,"column":17},"end":{"line":19,"column":55}},"1":{"start":{"line":20,"column":17},"end":{"line":20,"column":28}},"2":{"start":{"line":21,"column":22},"end":{"line":21,"column":38}},"3":{"start":{"line":25,"column":27},"end":{"line":32,"column":4}},"4":{"start":{"line":27,"column":6},"end":{"line":27,"column":45}},"5":{"start":{"line":30,"column":6},"end":{"line":30,"column":67}},"6":{"start":{"line":34,"column":2},"end":{"line":34,"column":71}},"7":{"start":{"line":34,"column":17},"end":{"line":34,"column":71}},"8":{"start":{"line":36,"column":2},"end":{"line":56,"column":3}},"9":{"start":{"line":38,"column":4},"end":{"line":54,"column":5}},"10":{"start":{"line":39,"column":6},"end":{"line":53,"column":8}},"11":{"start":{"line":48,"column":27},"end":{"line":48,"column":52}},"12":{"start":{"line":55,"column":4},"end":{"line":55,"column":68}},"13":{"start":{"line":58,"column":2},"end":{"line":77,"column":4}},"14":{"start":{"line":66,"column":32},"end":{"line":66,"column":39}},"15":{"start":{"line":68,"column":10},"end":{"line":72,"column":12}},"16":{"start":{"line":80,"column":15},"end":{"line":91,"column":2}}},"fnMap":{"0":{"name":"GoalRoadmapScreen","decl":{"start":{"line":18,"column":24},"end":{"line":18,"column":41}},"loc":{"start":{"line":18,"column":44},"end":{"line":78,"column":1}},"line":18},"1":{"name":"(anonymous_1)","decl":{"start":{"line":26,"column":16},"end":{"line":26,"column":17}},"loc":{"start":{"line":26,"column":28},"end":{"line":28,"column":5}},"line":26},"2":{"name":"(anonymous_2)","decl":{"start":{"line":29,"column":15},"end":{"line":29,"column":16}},"loc":{"start":{"line":29,"column":21},"end":{"line":31,"column":5}},"line":29},"3":{"name":"(anonymous_3)","decl":{"start":{"line":48,"column":21},"end":{"line":48,"column":22}},"loc":{"start":{"line":48,"column":27},"end":{"line":48,"column":52}},"line":48},"4":{"name":"(anonymous_4)","decl":{"start":{"line":66,"column":22},"end":{"line":66,"column":23}},"loc":{"start":{"line":66,"column":32},"end":{"line":66,"column":39}},"line":66},"5":{"name":"(anonymous_5)","decl":{"start":{"line":67,"column":20},"end":{"line":67,"column":21}},"loc":{"start":{"line":68,"column":10},"end":{"line":72,"column":12}},"line":68}},"branchMap":{"0":{"loc":{"start":{"line":34,"column":2},"end":{"line":34,"column":71}},"type":"if","locations":[{"start":{"line":34,"column":2},"end":{"line":34,"column":71}},{"start":{},"end":{}}],"line":34},"1":{"loc":{"start":{"line":36,"column":2},"end":{"line":56,"column":3}},"type":"if","locations":[{"start":{"line":36,"column":2},"end":{"line":56,"column":3}},{"start":{},"end":{}}],"line":36},"2":{"loc":{"start":{"line":38,"column":4},"end":{"line":54,"column":5}},"type":"if","locations":[{"start":{"line":38,"column":4},"end":{"line":54,"column":5}},{"start":{},"end":{}}],"line":38},"3":{"loc":{"start":{"line":71,"column":21},"end":{"line":71,"column":46}},"type":"binary-expr","locations":[{"start":{"line":71,"column":21},"end":{"line":71,"column":33}},{"start":{"line":71,"column":37},"end":{"line":71,"column":46}}],"line":71}},"s":{"0":0,"1":0,"2":0,"3":0,"4":0,"5":0,"6":0,"7":0,"8":0,"9":0,"10":0,"11":0,"12":0,"13":0,"14":0,"15":0,"16":0},"f":{"0":0,"1":0,"2":0,"3":0,"4":0,"5":0},"b":{"0":[0,0],"1":[0,0],"2":[0,0],"3":[0,0]}}
,"C:\\Users\\shubham\\Documents\\ReactNative\\Orbit\\src\\components\\animated-icon.tsx": {"path":"C:\\Users\\shubham\\Documents\\ReactNative\\Orbit\\src\\components\\animated-icon.tsx","statementMap":{"0":{"start":{"line":8,"column":29},"end":{"line":8,"column":65}},"1":{"start":{"line":9,"column":17},"end":{"line":9,"column":20}},"2":{"start":{"line":12,"column":32},"end":{"line":12,"column":47}},"3":{"start":{"line":13,"column":32},"end":{"line":13,"column":46}},"4":{"start":{"line":15,"column":2},"end":{"line":15,"column":28}},"5":{"start":{"line":15,"column":16},"end":{"line":15,"column":28}},"6":{"start":{"line":17,"column":25},"end":{"line":34,"column":4}},"7":{"start":{"line":36,"column":16},"end":{"line":36,"column":96}},"8":{"start":{"line":38,"column":2},"end":{"line":59,"column":4}},"9":{"start":{"line":42,"column":8},"end":{"line":44,"column":9}},"10":{"start":{"line":43,"column":10},"end":{"line":43,"column":42}},"11":{"start":{"line":52,"column":8},"end":{"line":54,"column":11}},"12":{"start":{"line":53,"column":10},"end":{"line":53,"column":27}},"13":{"start":{"line":62,"column":17},"end":{"line":70,"column":2}},"14":{"start":{"line":72,"column":21},"end":{"line":87,"column":2}},"15":{"start":{"line":89,"column":21},"end":{"line":96,"column":2}},"16":{"start":{"line":99,"column":2},"end":{"line":110,"column":4}},"17":{"start":{"line":113,"column":15},"end":{"line":148,"column":2}}},"fnMap":{"0":{"name":"AnimatedSplashOverlay","decl":{"start":{"line":11,"column":16},"end":{"line":11,"column":37}},"loc":{"start":{"line":11,"column":40},"end":{"line":60,"column":1}},"line":11},"1":{"name":"(anonymous_1)","decl":{"start":{"line":40,"column":63},"end":{"line":40,"column":64}},"loc":{"start":{"line":40,"column":77},"end":{"line":45,"column":7}},"line":40},"2":{"name":"(anonymous_2)","decl":{"start":{"line":51,"column":16},"end":{"line":51,"column":17}},"loc":{"start":{"line":51,"column":22},"end":{"line":55,"column":7}},"line":51},"3":{"name":"(anonymous_3)","decl":{"start":{"line":52,"column":41},"end":{"line":52,"column":42}},"loc":{"start":{"line":52,"column":47},"end":{"line":54,"column":9}},"line":52},"4":{"name":"AnimatedIcon","decl":{"start":{"line":98,"column":16},"end":{"line":98,"column":28}},"loc":{"start":{"line":98,"column":31},"end":{"line":111,"column":1}},"line":98}},"branchMap":{"0":{"loc":{"start":{"line":15,"column":2},"end":{"line":15,"column":28}},"type":"if","locations":[{"start":{"line":15,"column":2},"end":{"line":15,"column":28}},{"start":{},"end":{}}],"line":15},"1":{"loc":{"start":{"line":38,"column":9},"end":{"line":59,"column":3}},"type":"cond-expr","locations":[{"start":{"line":39,"column":4},"end":{"line":48,"column":20}},{"start":{"line":50,"column":4},"end":{"line":58,"column":11}}],"line":38},"2":{"loc":{"start":{"line":42,"column":8},"end":{"line":44,"column":9}},"type":"if","locations":[{"start":{"line":42,"column":8},"end":{"line":44,"column":9}},{"start":{},"end":{}}],"line":42}},"s":{"0":0,"1":0,"2":0,"3":0,"4":0,"5":0,"6":0,"7":0,"8":0,"9":0,"10":0,"11":0,"12":0,"13":0,"14":0,"15":0,"16":0,"17":0},"f":{"0":0,"1":0,"2":0,"3":0,"4":0},"b":{"0":[0,0],"1":[0,0],"2":[0,0]}}
,"C:\\Users\\shubham\\Documents\\ReactNative\\Orbit\\src\\components\\animated-icon.web.tsx": {"path":"C:\\Users\\shubham\\Documents\\ReactNative\\Orbit\\src\\components\\animated-icon.web.tsx","statementMap":{"0":{"start":{"line":6,"column":17},"end":{"line":6,"column":20}},"1":{"start":{"line":9,"column":2},"end":{"line":9,"column":14}},"2":{"start":{"line":12,"column":17},"end":{"line":24,"column":2}},"3":{"start":{"line":26,"column":21},"end":{"line":40,"column":2}},"4":{"start":{"line":42,"column":21},"end":{"line":55,"column":2}},"5":{"start":{"line":58,"column":2},"end":{"line":72,"column":4}},"6":{"start":{"line":75,"column":15},"end":{"line":108,"column":2}}},"fnMap":{"0":{"name":"AnimatedSplashOverlay","decl":{"start":{"line":8,"column":16},"end":{"line":8,"column":37}},"loc":{"start":{"line":8,"column":40},"end":{"line":10,"column":1}},"line":8},"1":{"name":"AnimatedIcon","decl":{"start":{"line":57,"column":16},"end":{"line":57,"column":28}},"loc":{"start":{"line":57,"column":31},"end":{"line":73,"column":1}},"line":57}},"branchMap":{},"s":{"0":0,"1":0,"2":0,"3":0,"4":0,"5":0,"6":0},"f":{"0":0,"1":0},"b":{}}
,"C:\\Users\\shubham\\Documents\\ReactNative\\Orbit\\src\\components\\app-tabs.tsx": {"path":"C:\\Users\\shubham\\Documents\\ReactNative\\Orbit\\src\\components\\app-tabs.tsx","statementMap":{"0":{"start":{"line":7,"column":17},"end":{"line":7,"column":33}},"1":{"start":{"line":8,"column":17},"end":{"line":8,"column":68}},"2":{"start":{"line":10,"column":2},"end":{"line":31,"column":4}}},"fnMap":{"0":{"name":"AppTabs","decl":{"start":{"line":6,"column":24},"end":{"line":6,"column":31}},"loc":{"start":{"line":6,"column":34},"end":{"line":32,"column":1}},"line":6}},"branchMap":{"0":{"loc":{"start":{"line":8,"column":24},"end":{"line":8,"column":67}},"type":"cond-expr","locations":[{"start":{"line":8,"column":51},"end":{"line":8,"column":58}},{"start":{"line":8,"column":61},"end":{"line":8,"column":67}}],"line":8}},"s":{"0":0,"1":0,"2":0},"f":{"0":0},"b":{"0":[0,0]}}
,"C:\\Users\\shubham\\Documents\\ReactNative\\Orbit\\src\\components\\app-tabs.web.tsx": {"path":"C:\\Users\\shubham\\Documents\\ReactNative\\Orbit\\src\\components\\app-tabs.web.tsx","statementMap":{"0":{"start":{"line":19,"column":2},"end":{"line":33,"column":4}},"1":{"start":{"line":37,"column":2},"end":{"line":47,"column":4}},"2":{"start":{"line":38,"column":50},"end":{"line":38,"column":75}},"3":{"start":{"line":51,"column":17},"end":{"line":51,"column":33}},"4":{"start":{"line":52,"column":17},"end":{"line":52,"column":68}},"5":{"start":{"line":54,"column":2},"end":{"line":75,"column":4}},"6":{"start":{"line":78,"column":15},"end":{"line":115,"column":2}}},"fnMap":{"0":{"name":"AppTabs","decl":{"start":{"line":18,"column":24},"end":{"line":18,"column":31}},"loc":{"start":{"line":18,"column":34},"end":{"line":34,"column":1}},"line":18},"1":{"name":"TabButton","decl":{"start":{"line":36,"column":16},"end":{"line":36,"column":25}},"loc":{"start":{"line":36,"column":82},"end":{"line":48,"column":1}},"line":36},"2":{"name":"(anonymous_2)","decl":{"start":{"line":38,"column":33},"end":{"line":38,"column":34}},"loc":{"start":{"line":38,"column":50},"end":{"line":38,"column":75}},"line":38},"3":{"name":"CustomTabList","decl":{"start":{"line":50,"column":16},"end":{"line":50,"column":29}},"loc":{"start":{"line":50,"column":51},"end":{"line":76,"column":1}},"line":50}},"branchMap":{"0":{"loc":{"start":{"line":38,"column":50},"end":{"line":38,"column":75}},"type":"binary-expr","locations":[{"start":{"line":38,"column":50},"end":{"line":38,"column":57}},{"start":{"line":38,"column":61},"end":{"line":38,"column":75}}],"line":38},"1":{"loc":{"start":{"line":40,"column":14},"end":{"line":40,"column":68}},"type":"cond-expr","locations":[{"start":{"line":40,"column":26},"end":{"line":40,"column":46}},{"start":{"line":40,"column":49},"end":{"line":40,"column":68}}],"line":40},"2":{"loc":{"start":{"line":42,"column":45},"end":{"line":42,"column":81}},"type":"cond-expr","locations":[{"start":{"line":42,"column":57},"end":{"line":42,"column":63}},{"start":{"line":42,"column":66},"end":{"line":42,"column":81}}],"line":42},"3":{"loc":{"start":{"line":52,"column":24},"end":{"line":52,"column":67}},"type":"cond-expr","locations":[{"start":{"line":52,"column":51},"end":{"line":52,"column":58}},{"start":{"line":52,"column":61},"end":{"line":52,"column":67}}],"line":52}},"s":{"0":0,"1":0,"2":0,"3":0,"4":0,"5":0,"6":0},"f":{"0":0,"1":0,"2":0,"3":0},"b":{"0":[0,0],"1":[0,0],"2":[0,0],"3":[0,0]}}
,"C:\\Users\\shubham\\Documents\\ReactNative\\Orbit\\src\\components\\external-link.tsx": {"path":"C:\\Users\\shubham\\Documents\\ReactNative\\Orbit\\src\\components\\external-link.tsx","statementMap":{"0":{"start":{"line":8,"column":2},"end":{"line":24,"column":4}},"1":{"start":{"line":14,"column":8},"end":{"line":21,"column":9}},"2":{"start":{"line":16,"column":10},"end":{"line":16,"column":33}},"3":{"start":{"line":18,"column":10},"end":{"line":20,"column":13}}},"fnMap":{"0":{"name":"ExternalLink","decl":{"start":{"line":7,"column":16},"end":{"line":7,"column":28}},"loc":{"start":{"line":7,"column":55},"end":{"line":25,"column":1}},"line":7},"1":{"name":"(anonymous_1)","decl":{"start":{"line":13,"column":15},"end":{"line":13,"column":16}},"loc":{"start":{"line":13,"column":32},"end":{"line":22,"column":7}},"line":13}},"branchMap":{"0":{"loc":{"start":{"line":14,"column":8},"end":{"line":21,"column":9}},"type":"if","locations":[{"start":{"line":14,"column":8},"end":{"line":21,"column":9}},{"start":{},"end":{}}],"line":14}},"s":{"0":0,"1":0,"2":0,"3":0},"f":{"0":0,"1":0},"b":{"0":[0,0]}}
,"C:\\Users\\shubham\\Documents\\ReactNative\\Orbit\\src\\components\\hint-row.tsx": {"path":"C:\\Users\\shubham\\Documents\\ReactNative\\Orbit\\src\\components\\hint-row.tsx","statementMap":{"0":{"start":{"line":15,"column":2},"end":{"line":22,"column":4}},"1":{"start":{"line":25,"column":15},"end":{"line":35,"column":2}}},"fnMap":{"0":{"name":"HintRow","decl":{"start":{"line":14,"column":16},"end":{"line":14,"column":23}},"loc":{"start":{"line":14,"column":89},"end":{"line":23,"column":1}},"line":14}},"branchMap":{"0":{"loc":{"start":{"line":14,"column":26},"end":{"line":14,"column":47}},"type":"default-arg","locations":[{"start":{"line":14,"column":34},"end":{"line":14,"column":47}}],"line":14},"1":{"loc":{"start":{"line":14,"column":49},"end":{"line":14,"column":71}},"type":"default-arg","locations":[{"start":{"line":14,"column":56},"end":{"line":14,"column":71}}],"line":14}},"s":{"0":0,"1":0},"f":{"0":0},"b":{"0":[0],"1":[0]}}
,"C:\\Users\\shubham\\Documents\\ReactNative\\Orbit\\src\\components\\themed-text.tsx": {"path":"C:\\Users\\shubham\\Documents\\ReactNative\\Orbit\\src\\components\\themed-text.tsx","statementMap":{"0":{"start":{"line":12,"column":16},"end":{"line":12,"column":26}},"1":{"start":{"line":14,"column":2},"end":{"line":30,"column":4}},"2":{"start":{"line":33,"column":15},"end":{"line":73,"column":2}}},"fnMap":{"0":{"name":"ThemedText","decl":{"start":{"line":11,"column":16},"end":{"line":11,"column":26}},"loc":{"start":{"line":11,"column":94},"end":{"line":31,"column":1}},"line":11}},"branchMap":{"0":{"loc":{"start":{"line":11,"column":36},"end":{"line":11,"column":52}},"type":"default-arg","locations":[{"start":{"line":11,"column":43},"end":{"line":11,"column":52}}],"line":11},"1":{"loc":{"start":{"line":17,"column":23},"end":{"line":17,"column":43}},"type":"binary-expr","locations":[{"start":{"line":17,"column":23},"end":{"line":17,"column":33}},{"start":{"line":17,"column":37},"end":{"line":17,"column":43}}],"line":17},"2":{"loc":{"start":{"line":18,"column":8},"end":{"line":18,"column":44}},"type":"binary-expr","locations":[{"start":{"line":18,"column":8},"end":{"line":18,"column":26}},{"start":{"line":18,"column":30},"end":{"line":18,"column":44}}],"line":18},"3":{"loc":{"start":{"line":19,"column":8},"end":{"line":19,"column":40}},"type":"binary-expr","locations":[{"start":{"line":19,"column":8},"end":{"line":19,"column":24}},{"start":{"line":19,"column":28},"end":{"line":19,"column":40}}],"line":19},"4":{"loc":{"start":{"line":20,"column":8},"end":{"line":20,"column":40}},"type":"binary-expr","locations":[{"start":{"line":20,"column":8},"end":{"line":20,"column":24}},{"start":{"line":20,"column":28},"end":{"line":20,"column":40}}],"line":20},"5":{"loc":{"start":{"line":21,"column":8},"end":{"line":21,"column":48}},"type":"binary-expr","locations":[{"start":{"line":21,"column":8},"end":{"line":21,"column":28}},{"start":{"line":21,"column":32},"end":{"line":21,"column":48}}],"line":21},"6":{"loc":{"start":{"line":22,"column":8},"end":{"line":22,"column":46}},"type":"binary-expr","locations":[{"start":{"line":22,"column":8},"end":{"line":22,"column":27}},{"start":{"line":22,"column":31},"end":{"line":22,"column":46}}],"line":22},"7":{"loc":{"start":{"line":23,"column":8},"end":{"line":23,"column":38}},"type":"binary-expr","locations":[{"start":{"line":23,"column":8},"end":{"line":23,"column":23}},{"start":{"line":23,"column":27},"end":{"line":23,"column":38}}],"line":23},"8":{"loc":{"start":{"line":24,"column":8},"end":{"line":24,"column":52}},"type":"binary-expr","locations":[{"start":{"line":24,"column":8},"end":{"line":24,"column":30}},{"start":{"line":24,"column":34},"end":{"line":24,"column":52}}],"line":24},"9":{"loc":{"start":{"line":25,"column":8},"end":{"line":25,"column":38}},"type":"binary-expr","locations":[{"start":{"line":25,"column":8},"end":{"line":25,"column":23}},{"start":{"line":25,"column":27},"end":{"line":25,"column":38}}],"line":25},"10":{"loc":{"start":{"line":70,"column":16},"end":{"line":70,"column":56}},"type":"binary-expr","locations":[{"start":{"line":70,"column":16},"end":{"line":70,"column":49}},{"start":{"line":70,"column":53},"end":{"line":70,"column":56}}],"line":70}},"s":{"0":0,"1":0,"2":0},"f":{"0":0},"b":{"0":[0],"1":[0,0],"2":[0,0],"3":[0,0],"4":[0,0],"5":[0,0],"6":[0,0],"7":[0,0],"8":[0,0],"9":[0,0],"10":[0,0]}}
,"C:\\Users\\shubham\\Documents\\ReactNative\\Orbit\\src\\components\\themed-view.tsx": {"path":"C:\\Users\\shubham\\Documents\\ReactNative\\Orbit\\src\\components\\themed-view.tsx","statementMap":{"0":{"start":{"line":13,"column":16},"end":{"line":13,"column":26}},"1":{"start":{"line":15,"column":2},"end":{"line":15,"column":100}}},"fnMap":{"0":{"name":"ThemedView","decl":{"start":{"line":12,"column":16},"end":{"line":12,"column":26}},"loc":{"start":{"line":12,"column":99},"end":{"line":16,"column":1}},"line":12}},"branchMap":{"0":{"loc":{"start":{"line":15,"column":48},"end":{"line":15,"column":68}},"type":"binary-expr","locations":[{"start":{"line":15,"column":48},"end":{"line":15,"column":52}},{"start":{"line":15,"column":56},"end":{"line":15,"column":68}}],"line":15}},"s":{"0":0,"1":0},"f":{"0":0},"b":{"0":[0,0]}}
,"C:\\Users\\shubham\\Documents\\ReactNative\\Orbit\\src\\components\\web-badge.tsx": {"path":"C:\\Users\\shubham\\Documents\\ReactNative\\Orbit\\src\\components\\web-badge.tsx","statementMap":{"0":{"start":{"line":11,"column":17},"end":{"line":11,"column":33}},"1":{"start":{"line":13,"column":2},"end":{"line":27,"column":4}},"2":{"start":{"line":30,"column":15},"end":{"line":43,"column":2}}},"fnMap":{"0":{"name":"WebBadge","decl":{"start":{"line":10,"column":16},"end":{"line":10,"column":24}},"loc":{"start":{"line":10,"column":27},"end":{"line":28,"column":1}},"line":10}},"branchMap":{"0":{"loc":{"start":{"line":20,"column":10},"end":{"line":22,"column":55}},"type":"cond-expr","locations":[{"start":{"line":21,"column":14},"end":{"line":21,"column":61}},{"start":{"line":22,"column":14},"end":{"line":22,"column":55}}],"line":20}},"s":{"0":0,"1":0,"2":0},"f":{"0":0},"b":{"0":[0,0]}}
,"C:\\Users\\shubham\\Documents\\ReactNative\\Orbit\\src\\components\\__tests__\\themed-components.test.tsx": {"path":"C:\\Users\\shubham\\Documents\\ReactNative\\Orbit\\src\\components\\__tests__\\themed-components.test.tsx","statementMap":{"0":{"start":{"line":6,"column":0},"end":{"line":39,"column":3}},"1":{"start":{"line":7,"column":2},"end":{"line":26,"column":5}},"2":{"start":{"line":8,"column":4},"end":{"line":11,"column":7}},"3":{"start":{"line":9,"column":6},"end":{"line":9,"column":45}},"4":{"start":{"line":10,"column":6},"end":{"line":10,"column":53}},"5":{"start":{"line":13,"column":4},"end":{"line":25,"column":7}},"6":{"start":{"line":14,"column":29},"end":{"line":14,"column":80}},"7":{"start":{"line":15,"column":8},"end":{"line":15,"column":55}},"8":{"start":{"line":17,"column":8},"end":{"line":17,"column":68}},"9":{"start":{"line":18,"column":8},"end":{"line":18,"column":58}},"10":{"start":{"line":20,"column":8},"end":{"line":20,"column":62}},"11":{"start":{"line":21,"column":8},"end":{"line":21,"column":55}},"12":{"start":{"line":23,"column":8},"end":{"line":23,"column":60}},"13":{"start":{"line":24,"column":8},"end":{"line":24,"column":54}},"14":{"start":{"line":28,"column":2},"end":{"line":38,"column":5}},"15":{"start":{"line":29,"column":4},"end":{"line":32,"column":7}},"16":{"start":{"line":30,"column":25},"end":{"line":30,"column":47}},"17":{"start":{"line":31,"column":6},"end":{"line":31,"column":36}},"18":{"start":{"line":34,"column":4},"end":{"line":37,"column":7}},"19":{"start":{"line":35,"column":27},"end":{"line":35,"column":74}},"20":{"start":{"line":36,"column":8},"end":{"line":36,"column":38}}},"fnMap":{"0":{"name":"(anonymous_0)","decl":{"start":{"line":6,"column":30},"end":{"line":6,"column":31}},"loc":{"start":{"line":6,"column":36},"end":{"line":39,"column":1}},"line":6},"1":{"name":"(anonymous_1)","decl":{"start":{"line":7,"column":25},"end":{"line":7,"column":26}},"loc":{"start":{"line":7,"column":31},"end":{"line":26,"column":3}},"line":7},"2":{"name":"(anonymous_2)","decl":{"start":{"line":8,"column":36},"end":{"line":8,"column":37}},"loc":{"start":{"line":8,"column":42},"end":{"line":11,"column":5}},"line":8},"3":{"name":"(anonymous_3)","decl":{"start":{"line":13,"column":34},"end":{"line":13,"column":35}},"loc":{"start":{"line":13,"column":40},"end":{"line":25,"column":5}},"line":13},"4":{"name":"(anonymous_4)","decl":{"start":{"line":28,"column":25},"end":{"line":28,"column":26}},"loc":{"start":{"line":28,"column":31},"end":{"line":38,"column":3}},"line":28},"5":{"name":"(anonymous_5)","decl":{"start":{"line":29,"column":28},"end":{"line":29,"column":29}},"loc":{"start":{"line":29,"column":34},"end":{"line":32,"column":5}},"line":29},"6":{"name":"(anonymous_6)","decl":{"start":{"line":34,"column":46},"end":{"line":34,"column":47}},"loc":{"start":{"line":34,"column":52},"end":{"line":37,"column":5}},"line":34}},"branchMap":{},"s":{"0":0,"1":0,"2":0,"3":0,"4":0,"5":0,"6":0,"7":0,"8":0,"9":0,"10":0,"11":0,"12":0,"13":0,"14":0,"15":0,"16":0,"17":0,"18":0,"19":0,"20":0},"f":{"0":0,"1":0,"2":0,"3":0,"4":0,"5":0,"6":0},"b":{}}
,"C:\\Users\\shubham\\Documents\\ReactNative\\Orbit\\src\\components\\ui\\avatar.tsx": {"path":"C:\\Users\\shubham\\Documents\\ReactNative\\Orbit\\src\\components\\ui\\avatar.tsx","statementMap":{"0":{"start":{"line":14,"column":22},"end":{"line":47,"column":1}},"1":{"start":{"line":15,"column":17},"end":{"line":15,"column":27}},"2":{"start":{"line":17,"column":22},"end":{"line":20,"column":3}},"3":{"start":{"line":18,"column":4},"end":{"line":18,"column":22}},"4":{"start":{"line":18,"column":12},"end":{"line":18,"column":22}},"5":{"start":{"line":19,"column":4},"end":{"line":19,"column":80}},"6":{"start":{"line":19,"column":35},"end":{"line":19,"column":39}},"7":{"start":{"line":22,"column":2},"end":{"line":46,"column":4}},"8":{"start":{"line":49,"column":15},"end":{"line":58,"column":2}}},"fnMap":{"0":{"name":"(anonymous_0)","decl":{"start":{"line":14,"column":22},"end":{"line":14,"column":23}},"loc":{"start":{"line":14,"column":75},"end":{"line":47,"column":1}},"line":14},"1":{"name":"(anonymous_1)","decl":{"start":{"line":17,"column":22},"end":{"line":17,"column":23}},"loc":{"start":{"line":17,"column":38},"end":{"line":20,"column":3}},"line":17},"2":{"name":"(anonymous_2)","decl":{"start":{"line":19,"column":28},"end":{"line":19,"column":29}},"loc":{"start":{"line":19,"column":35},"end":{"line":19,"column":39}},"line":19}},"branchMap":{"0":{"loc":{"start":{"line":14,"column":39},"end":{"line":14,"column":48}},"type":"default-arg","locations":[{"start":{"line":14,"column":46},"end":{"line":14,"column":48}}],"line":14},"1":{"loc":{"start":{"line":18,"column":4},"end":{"line":18,"column":22}},"type":"if","locations":[{"start":{"line":18,"column":4},"end":{"line":18,"column":22}},{"start":{},"end":{}}],"line":18},"2":{"loc":{"start":{"line":35,"column":7},"end":{"line":44,"column":7}},"type":"cond-expr","locations":[{"start":{"line":36,"column":8},"end":{"line":39,"column":10}},{"start":{"line":41,"column":8},"end":{"line":43,"column":15}}],"line":35}},"s":{"0":0,"1":0,"2":0,"3":0,"4":0,"5":0,"6":0,"7":0,"8":0},"f":{"0":0,"1":0,"2":0},"b":{"0":[0],"1":[0,0],"2":[0,0]}}
,"C:\\Users\\shubham\\Documents\\ReactNative\\Orbit\\src\\components\\ui\\badge.tsx": {"path":"C:\\Users\\shubham\\Documents\\ReactNative\\Orbit\\src\\components\\ui\\badge.tsx","statementMap":{"0":{"start":{"line":13,"column":21},"end":{"line":54,"column":1}},"1":{"start":{"line":14,"column":17},"end":{"line":14,"column":27}},"2":{"start":{"line":16,"column":27},"end":{"line":45,"column":3}},"3":{"start":{"line":17,"column":4},"end":{"line":44,"column":5}},"4":{"start":{"line":19,"column":8},"end":{"line":22,"column":10}},"5":{"start":{"line":24,"column":8},"end":{"line":27,"column":10}},"6":{"start":{"line":29,"column":8},"end":{"line":32,"column":10}},"7":{"start":{"line":34,"column":8},"end":{"line":37,"column":10}},"8":{"start":{"line":40,"column":8},"end":{"line":43,"column":10}},"9":{"start":{"line":47,"column":24},"end":{"line":47,"column":42}},"10":{"start":{"line":49,"column":2},"end":{"line":53,"column":4}},"11":{"start":{"line":56,"column":15},"end":{"line":68,"column":2}}},"fnMap":{"0":{"name":"(anonymous_0)","decl":{"start":{"line":13,"column":21},"end":{"line":13,"column":22}},"loc":{"start":{"line":13,"column":87},"end":{"line":54,"column":1}},"line":13},"1":{"name":"(anonymous_1)","decl":{"start":{"line":16,"column":27},"end":{"line":16,"column":28}},"loc":{"start":{"line":16,"column":33},"end":{"line":45,"column":3}},"line":16}},"branchMap":{"0":{"loc":{"start":{"line":13,"column":31},"end":{"line":13,"column":50}},"type":"default-arg","locations":[{"start":{"line":13,"column":41},"end":{"line":13,"column":50}}],"line":13},"1":{"loc":{"start":{"line":17,"column":4},"end":{"line":44,"column":5}},"type":"switch","locations":[{"start":{"line":18,"column":6},"end":{"line":22,"column":10}},{"start":{"line":23,"column":6},"end":{"line":27,"column":10}},{"start":{"line":28,"column":6},"end":{"line":32,"column":10}},{"start":{"line":33,"column":6},"end":{"line":37,"column":10}},{"start":{"line":38,"column":6},"end":{"line":38,"column":21}},{"start":{"line":39,"column":6},"end":{"line":43,"column":10}}],"line":17}},"s":{"0":0,"1":0,"2":0,"3":0,"4":0,"5":0,"6":0,"7":0,"8":0,"9":0,"10":0,"11":0},"f":{"0":0,"1":0},"b":{"0":[0],"1":[0,0,0,0,0,0]}}
,"C:\\Users\\shubham\\Documents\\ReactNative\\Orbit\\src\\components\\ui\\bottom-sheet.tsx": {"path":"C:\\Users\\shubham\\Documents\\ReactNative\\Orbit\\src\\components\\ui\\bottom-sheet.tsx","statementMap":{"0":{"start":{"line":17,"column":27},"end":{"line":53,"column":1}},"1":{"start":{"line":19,"column":19},"end":{"line":19,"column":29}},"2":{"start":{"line":20,"column":30},"end":{"line":20,"column":70}},"3":{"start":{"line":20,"column":44},"end":{"line":20,"column":65}},"4":{"start":{"line":22,"column":27},"end":{"line":31,"column":5}},"5":{"start":{"line":24,"column":8},"end":{"line":28,"column":10}},"6":{"start":{"line":33,"column":4},"end":{"line":51,"column":6}},"7":{"start":{"line":55,"column":15},"end":{"line":65,"column":2}}},"fnMap":{"0":{"name":"(anonymous_0)","decl":{"start":{"line":18,"column":2},"end":{"line":18,"column":3}},"loc":{"start":{"line":18,"column":54},"end":{"line":52,"column":3}},"line":18},"1":{"name":"(anonymous_1)","decl":{"start":{"line":20,"column":38},"end":{"line":20,"column":39}},"loc":{"start":{"line":20,"column":44},"end":{"line":20,"column":65}},"line":20},"2":{"name":"(anonymous_2)","decl":{"start":{"line":23,"column":6},"end":{"line":23,"column":7}},"loc":{"start":{"line":24,"column":8},"end":{"line":28,"column":10}},"line":24}},"branchMap":{"0":{"loc":{"start":{"line":37,"column":20},"end":{"line":37,"column":51}},"type":"binary-expr","locations":[{"start":{"line":37,"column":20},"end":{"line":37,"column":30}},{"start":{"line":37,"column":34},"end":{"line":37,"column":51}}],"line":37},"1":{"loc":{"start":{"line":45,"column":11},"end":{"line":47,"column":11}},"type":"binary-expr","locations":[{"start":{"line":45,"column":11},"end":{"line":45,"column":16}},{"start":{"line":46,"column":12},"end":{"line":46,"column":79}}],"line":45}},"s":{"0":0,"1":0,"2":0,"3":0,"4":0,"5":0,"6":0,"7":0},"f":{"0":0,"1":0,"2":0},"b":{"0":[0,0],"1":[0,0]}}
,"C:\\Users\\shubham\\Documents\\ReactNative\\Orbit\\src\\components\\ui\\button.tsx": {"path":"C:\\Users\\shubham\\Documents\\ReactNative\\Orbit\\src\\components\\ui\\button.tsx","statementMap":{"0":{"start":{"line":24,"column":22},"end":{"line":119,"column":1}},"1":{"start":{"line":36,"column":17},"end":{"line":36,"column":27}},"2":{"start":{"line":38,"column":27},"end":{"line":66,"column":3}},"3":{"start":{"line":39,"column":4},"end":{"line":65,"column":5}},"4":{"start":{"line":41,"column":8},"end":{"line":44,"column":10}},"5":{"start":{"line":46,"column":8},"end":{"line":53,"column":10}},"6":{"start":{"line":55,"column":8},"end":{"line":58,"column":10}},"7":{"start":{"line":61,"column":8},"end":{"line":64,"column":10}},"8":{"start":{"line":68,"column":24},"end":{"line":87,"column":3}},"9":{"start":{"line":69,"column":4},"end":{"line":86,"column":5}},"10":{"start":{"line":71,"column":8},"end":{"line":74,"column":10}},"11":{"start":{"line":76,"column":8},"end":{"line":79,"column":10}},"12":{"start":{"line":82,"column":8},"end":{"line":85,"column":10}},"13":{"start":{"line":89,"column":24},"end":{"line":89,"column":42}},"14":{"start":{"line":90,"column":21},"end":{"line":90,"column":36}},"15":{"start":{"line":92,"column":21},"end":{"line":92,"column":40}},"16":{"start":{"line":94,"column":2},"end":{"line":118,"column":4}},"17":{"start":{"line":99,"column":30},"end":{"line":106,"column":7}},"18":{"start":{"line":121,"column":15},"end":{"line":135,"column":2}}},"fnMap":{"0":{"name":"(anonymous_0)","decl":{"start":{"line":24,"column":22},"end":{"line":24,"column":23}},"loc":{"start":{"line":35,"column":19},"end":{"line":119,"column":1}},"line":35},"1":{"name":"(anonymous_1)","decl":{"start":{"line":38,"column":27},"end":{"line":38,"column":28}},"loc":{"start":{"line":38,"column":33},"end":{"line":66,"column":3}},"line":38},"2":{"name":"(anonymous_2)","decl":{"start":{"line":68,"column":24},"end":{"line":68,"column":25}},"loc":{"start":{"line":68,"column":30},"end":{"line":87,"column":3}},"line":68},"3":{"name":"(anonymous_3)","decl":{"start":{"line":99,"column":13},"end":{"line":99,"column":14}},"loc":{"start":{"line":99,"column":30},"end":{"line":106,"column":7}},"line":99}},"branchMap":{"0":{"loc":{"start":{"line":26,"column":2},"end":{"line":26,"column":21}},"type":"default-arg","locations":[{"start":{"line":26,"column":12},"end":{"line":26,"column":21}}],"line":26},"1":{"loc":{"start":{"line":27,"column":2},"end":{"line":27,"column":17}},"type":"default-arg","locations":[{"start":{"line":27,"column":9},"end":{"line":27,"column":17}}],"line":27},"2":{"loc":{"start":{"line":28,"column":2},"end":{"line":28,"column":17}},"type":"default-arg","locations":[{"start":{"line":28,"column":12},"end":{"line":28,"column":17}}],"line":28},"3":{"loc":{"start":{"line":29,"column":2},"end":{"line":29,"column":18}},"type":"default-arg","locations":[{"start":{"line":29,"column":13},"end":{"line":29,"column":18}}],"line":29},"4":{"loc":{"start":{"line":39,"column":4},"end":{"line":65,"column":5}},"type":"switch","locations":[{"start":{"line":40,"column":6},"end":{"line":44,"column":10}},{"start":{"line":45,"column":6},"end":{"line":53,"column":10}},{"start":{"line":54,"column":6},"end":{"line":58,"column":10}},{"start":{"line":59,"column":6},"end":{"line":59,"column":21}},{"start":{"line":60,"column":6},"end":{"line":64,"column":10}}],"line":39},"5":{"loc":{"start":{"line":69,"column":4},"end":{"line":86,"column":5}},"type":"switch","locations":[{"start":{"line":70,"column":6},"end":{"line":74,"column":10}},{"start":{"line":75,"column":6},"end":{"line":79,"column":10}},{"start":{"line":80,"column":6},"end":{"line":80,"column":20}},{"start":{"line":81,"column":6},"end":{"line":85,"column":10}}],"line":69},"6":{"loc":{"start":{"line":92,"column":21},"end":{"line":92,"column":40}},"type":"binary-expr","locations":[{"start":{"line":92,"column":21},"end":{"line":92,"column":29}},{"start":{"line":92,"column":33},"end":{"line":92,"column":40}}],"line":92},"7":{"loc":{"start":{"line":98,"column":14},"end":{"line":98,"column":38}},"type":"binary-expr","locations":[{"start":{"line":98,"column":14},"end":{"line":98,"column":26}},{"start":{"line":98,"column":30},"end":{"line":98,"column":38}}],"line":98},"8":{"loc":{"start":{"line":103,"column":8},"end":{"line":103,"column":33}},"type":"binary-expr","locations":[{"start":{"line":103,"column":8},"end":{"line":103,"column":15}},{"start":{"line":103,"column":19},"end":{"line":103,"column":33}}],"line":103},"9":{"loc":{"start":{"line":104,"column":8},"end":{"line":104,"column":37}},"type":"binary-expr","locations":[{"start":{"line":104,"column":8},"end":{"line":104,"column":18}},{"start":{"line":104,"column":22},"end":{"line":104,"column":37}}],"line":104},"10":{"loc":{"start":{"line":109,"column":7},"end":{"line":116,"column":7}},"type":"cond-expr","locations":[{"start":{"line":110,"column":8},"end":{"line":110,"column":62}},{"start":{"line":112,"column":8},"end":{"line":115,"column":11}}],"line":109}},"s":{"0":0,"1":0,"2":0,"3":0,"4":0,"5":0,"6":0,"7":0,"8":0,"9":0,"10":0,"11":0,"12":0,"13":0,"14":0,"15":0,"16":0,"17":0,"18":0},"f":{"0":0,"1":0,"2":0,"3":0},"b":{"0":[0],"1":[0],"2":[0],"3":[0],"4":[0,0,0,0,0],"5":[0,0,0,0],"6":[0,0],"7":[0,0],"8":[0,0],"9":[0,0],"10":[0,0]}}
,"C:\\Users\\shubham\\Documents\\ReactNative\\Orbit\\src\\components\\ui\\card.tsx": {"path":"C:\\Users\\shubham\\Documents\\ReactNative\\Orbit\\src\\components\\ui\\card.tsx","statementMap":{"0":{"start":{"line":16,"column":20},"end":{"line":47,"column":1}},"1":{"start":{"line":25,"column":17},"end":{"line":25,"column":27}},"2":{"start":{"line":27,"column":2},"end":{"line":46,"column":4}},"3":{"start":{"line":49,"column":15},"end":{"line":61,"column":2}}},"fnMap":{"0":{"name":"(anonymous_0)","decl":{"start":{"line":16,"column":20},"end":{"line":16,"column":21}},"loc":{"start":{"line":24,"column":17},"end":{"line":47,"column":1}},"line":24}},"branchMap":{"0":{"loc":{"start":{"line":23,"column":2},"end":{"line":23,"column":18}},"type":"default-arg","locations":[{"start":{"line":23,"column":13},"end":{"line":23,"column":18}}],"line":23},"1":{"loc":{"start":{"line":32,"column":8},"end":{"line":32,"column":33}},"type":"binary-expr","locations":[{"start":{"line":32,"column":8},"end":{"line":32,"column":16}},{"start":{"line":32,"column":20},"end":{"line":32,"column":33}}],"line":32},"2":{"loc":{"start":{"line":36,"column":7},"end":{"line":38,"column":7}},"type":"binary-expr","locations":[{"start":{"line":36,"column":7},"end":{"line":36,"column":12}},{"start":{"line":37,"column":8},"end":{"line":37,"column":87}}],"line":36},"3":{"loc":{"start":{"line":39,"column":7},"end":{"line":43,"column":7}},"type":"binary-expr","locations":[{"start":{"line":39,"column":7},"end":{"line":39,"column":18}},{"start":{"line":40,"column":8},"end":{"line":42,"column":15}}],"line":39}},"s":{"0":0,"1":0,"2":0,"3":0},"f":{"0":0},"b":{"0":[0],"1":[0,0],"2":[0,0],"3":[0,0]}}
,"C:\\Users\\shubham\\Documents\\ReactNative\\Orbit\\src\\components\\ui\\checkbox.tsx": {"path":"C:\\Users\\shubham\\Documents\\ReactNative\\Orbit\\src\\components\\ui\\checkbox.tsx","statementMap":{"0":{"start":{"line":14,"column":24},"end":{"line":36,"column":1}},"1":{"start":{"line":15,"column":17},"end":{"line":15,"column":27}},"2":{"start":{"line":17,"column":2},"end":{"line":35,"column":4}},"3":{"start":{"line":19,"column":21},"end":{"line":19,"column":44}},"4":{"start":{"line":38,"column":15},"end":{"line":55,"column":2}}},"fnMap":{"0":{"name":"(anonymous_0)","decl":{"start":{"line":14,"column":24},"end":{"line":14,"column":25}},"loc":{"start":{"line":14,"column":85},"end":{"line":36,"column":1}},"line":14},"1":{"name":"(anonymous_1)","decl":{"start":{"line":19,"column":15},"end":{"line":19,"column":16}},"loc":{"start":{"line":19,"column":21},"end":{"line":19,"column":44}},"line":19}},"branchMap":{"0":{"loc":{"start":{"line":27,"column":29},"end":{"line":27,"column":66}},"type":"cond-expr","locations":[{"start":{"line":27,"column":39},"end":{"line":27,"column":50}},{"start":{"line":27,"column":53},"end":{"line":27,"column":66}}],"line":27},"1":{"loc":{"start":{"line":31,"column":9},"end":{"line":31,"column":81}},"type":"binary-expr","locations":[{"start":{"line":31,"column":9},"end":{"line":31,"column":16}},{"start":{"line":31,"column":20},"end":{"line":31,"column":81}}],"line":31},"2":{"loc":{"start":{"line":33,"column":7},"end":{"line":33,"column":83}},"type":"binary-expr","locations":[{"start":{"line":33,"column":7},"end":{"line":33,"column":12}},{"start":{"line":33,"column":16},"end":{"line":33,"column":83}}],"line":33}},"s":{"0":0,"1":0,"2":0,"3":0,"4":0},"f":{"0":0,"1":0},"b":{"0":[0,0],"1":[0,0],"2":[0,0]}}
,"C:\\Users\\shubham\\Documents\\ReactNative\\Orbit\\src\\components\\ui\\collapsible.tsx": {"path":"C:\\Users\\shubham\\Documents\\ReactNative\\Orbit\\src\\components\\ui\\collapsible.tsx","statementMap":{"0":{"start":{"line":12,"column":30},"end":{"line":12,"column":45}},"1":{"start":{"line":13,"column":16},"end":{"line":13,"column":26}},"2":{"start":{"line":15,"column":2},"end":{"line":40,"column":4}},"3":{"start":{"line":18,"column":32},"end":{"line":18,"column":82}},"4":{"start":{"line":19,"column":23},"end":{"line":19,"column":51}},"5":{"start":{"line":19,"column":44},"end":{"line":19,"column":50}},"6":{"start":{"line":43,"column":15},"end":{"line":65,"column":2}}},"fnMap":{"0":{"name":"Collapsible","decl":{"start":{"line":11,"column":16},"end":{"line":11,"column":27}},"loc":{"start":{"line":11,"column":88},"end":{"line":41,"column":1}},"line":11},"1":{"name":"(anonymous_1)","decl":{"start":{"line":18,"column":15},"end":{"line":18,"column":16}},"loc":{"start":{"line":18,"column":32},"end":{"line":18,"column":82}},"line":18},"2":{"name":"(anonymous_2)","decl":{"start":{"line":19,"column":17},"end":{"line":19,"column":18}},"loc":{"start":{"line":19,"column":23},"end":{"line":19,"column":51}},"line":19},"3":{"name":"(anonymous_3)","decl":{"start":{"line":19,"column":33},"end":{"line":19,"column":34}},"loc":{"start":{"line":19,"column":44},"end":{"line":19,"column":50}},"line":19}},"branchMap":{"0":{"loc":{"start":{"line":18,"column":49},"end":{"line":18,"column":81}},"type":"binary-expr","locations":[{"start":{"line":18,"column":49},"end":{"line":18,"column":56}},{"start":{"line":18,"column":60},"end":{"line":18,"column":81}}],"line":18},"1":{"loc":{"start":{"line":26,"column":43},"end":{"line":26,"column":70}},"type":"cond-expr","locations":[{"start":{"line":26,"column":52},"end":{"line":26,"column":60}},{"start":{"line":26,"column":63},"end":{"line":26,"column":70}}],"line":26},"2":{"loc":{"start":{"line":32,"column":7},"end":{"line":38,"column":7}},"type":"binary-expr","locations":[{"start":{"line":32,"column":7},"end":{"line":32,"column":13}},{"start":{"line":33,"column":8},"end":{"line":37,"column":24}}],"line":32}},"s":{"0":0,"1":0,"2":0,"3":0,"4":0,"5":0,"6":0},"f":{"0":0,"1":0,"2":0,"3":0},"b":{"0":[0,0],"1":[0,0],"2":[0,0]}}
,"C:\\Users\\shubham\\Documents\\ReactNative\\Orbit\\src\\components\\ui\\date-picker.tsx": {"path":"C:\\Users\\shubham\\Documents\\ReactNative\\Orbit\\src\\components\\ui\\date-picker.tsx","statementMap":{"0":{"start":{"line":19,"column":26},"end":{"line":70,"column":1}},"1":{"start":{"line":20,"column":17},"end":{"line":20,"column":27}},"2":{"start":{"line":21,"column":26},"end":{"line":21,"column":41}},"3":{"start":{"line":23,"column":27},"end":{"line":30,"column":3}},"4":{"start":{"line":24,"column":4},"end":{"line":26,"column":5}},"5":{"start":{"line":25,"column":6},"end":{"line":25,"column":21}},"6":{"start":{"line":27,"column":4},"end":{"line":29,"column":5}},"7":{"start":{"line":28,"column":6},"end":{"line":28,"column":29}},"8":{"start":{"line":32,"column":23},"end":{"line":42,"column":3}},"9":{"start":{"line":33,"column":4},"end":{"line":41,"column":6}},"10":{"start":{"line":44,"column":2},"end":{"line":69,"column":4}},"11":{"start":{"line":48,"column":23},"end":{"line":48,"column":36}},"12":{"start":{"line":60,"column":47},"end":{"line":60,"column":61}},"13":{"start":{"line":62,"column":48},"end":{"line":62,"column":62}},"14":{"start":{"line":72,"column":15},"end":{"line":96,"column":2}}},"fnMap":{"0":{"name":"(anonymous_0)","decl":{"start":{"line":19,"column":26},"end":{"line":19,"column":27}},"loc":{"start":{"line":19,"column":101},"end":{"line":70,"column":1}},"line":19},"1":{"name":"(anonymous_1)","decl":{"start":{"line":23,"column":27},"end":{"line":23,"column":28}},"loc":{"start":{"line":23,"column":80},"end":{"line":30,"column":3}},"line":23},"2":{"name":"(anonymous_2)","decl":{"start":{"line":32,"column":23},"end":{"line":32,"column":24}},"loc":{"start":{"line":33,"column":4},"end":{"line":41,"column":6}},"line":33},"3":{"name":"(anonymous_3)","decl":{"start":{"line":48,"column":17},"end":{"line":48,"column":18}},"loc":{"start":{"line":48,"column":23},"end":{"line":48,"column":36}},"line":48},"4":{"name":"(anonymous_4)","decl":{"start":{"line":60,"column":41},"end":{"line":60,"column":42}},"loc":{"start":{"line":60,"column":47},"end":{"line":60,"column":61}},"line":60},"5":{"name":"(anonymous_5)","decl":{"start":{"line":62,"column":42},"end":{"line":62,"column":43}},"loc":{"start":{"line":62,"column":48},"end":{"line":62,"column":62}},"line":62}},"branchMap":{"0":{"loc":{"start":{"line":24,"column":4},"end":{"line":26,"column":5}},"type":"if","locations":[{"start":{"line":24,"column":4},"end":{"line":26,"column":5}},{"start":{},"end":{}}],"line":24},"1":{"loc":{"start":{"line":27,"column":4},"end":{"line":29,"column":5}},"type":"if","locations":[{"start":{"line":27,"column":4},"end":{"line":29,"column":5}},{"start":{},"end":{}}],"line":27},"2":{"loc":{"start":{"line":36,"column":15},"end":{"line":36,"column":60}},"type":"cond-expr","locations":[{"start":{"line":36,"column":39},"end":{"line":36,"column":48}},{"start":{"line":36,"column":51},"end":{"line":36,"column":60}}],"line":36},"3":{"loc":{"start":{"line":46,"column":7},"end":{"line":46,"column":92}},"type":"binary-expr","locations":[{"start":{"line":46,"column":7},"end":{"line":46,"column":12}},{"start":{"line":46,"column":16},"end":{"line":46,"column":92}}],"line":46},"4":{"loc":{"start":{"line":58,"column":7},"end":{"line":67,"column":7}},"type":"binary-expr","locations":[{"start":{"line":58,"column":7},"end":{"line":58,"column":11}},{"start":{"line":59,"column":8},"end":{"line":66,"column":9}}],"line":58},"5":{"loc":{"start":{"line":59,"column":8},"end":{"line":66,"column":9}},"type":"cond-expr","locations":[{"start":{"line":60,"column":10},"end":{"line":63,"column":18}},{"start":{"line":65,"column":10},"end":{"line":65,"column":24}}],"line":59}},"s":{"0":0,"1":0,"2":0,"3":0,"4":0,"5":0,"6":0,"7":0,"8":0,"9":0,"10":0,"11":0,"12":0,"13":0,"14":0},"f":{"0":0,"1":0,"2":0,"3":0,"4":0,"5":0},"b":{"0":[0,0],"1":[0,0],"2":[0,0],"3":[0,0],"4":[0,0],"5":[0,0]}}
,"C:\\Users\\shubham\\Documents\\ReactNative\\Orbit\\src\\components\\ui\\empty-state.tsx": {"path":"C:\\Users\\shubham\\Documents\\ReactNative\\Orbit\\src\\components\\ui\\empty-state.tsx","statementMap":{"0":{"start":{"line":13,"column":26},"end":{"line":27,"column":1}},"1":{"start":{"line":14,"column":17},"end":{"line":14,"column":27}},"2":{"start":{"line":16,"column":2},"end":{"line":26,"column":4}},"3":{"start":{"line":29,"column":15},"end":{"line":47,"column":2}}},"fnMap":{"0":{"name":"(anonymous_0)","decl":{"start":{"line":13,"column":26},"end":{"line":13,"column":27}},"loc":{"start":{"line":13,"column":84},"end":{"line":27,"column":1}},"line":13}},"branchMap":{"0":{"loc":{"start":{"line":18,"column":7},"end":{"line":18,"column":63}},"type":"binary-expr","locations":[{"start":{"line":18,"column":7},"end":{"line":18,"column":11}},{"start":{"line":18,"column":15},"end":{"line":18,"column":63}}],"line":18},"1":{"loc":{"start":{"line":20,"column":7},"end":{"line":24,"column":7}},"type":"binary-expr","locations":[{"start":{"line":20,"column":7},"end":{"line":20,"column":18}},{"start":{"line":21,"column":8},"end":{"line":23,"column":15}}],"line":20}},"s":{"0":0,"1":0,"2":0,"3":0},"f":{"0":0},"b":{"0":[0,0],"1":[0,0]}}
,"C:\\Users\\shubham\\Documents\\ReactNative\\Orbit\\src\\components\\ui\\error-state.tsx": {"path":"C:\\Users\\shubham\\Documents\\ReactNative\\Orbit\\src\\components\\ui\\error-state.tsx","statementMap":{"0":{"start":{"line":15,"column":26},"end":{"line":33,"column":1}},"1":{"start":{"line":21,"column":17},"end":{"line":21,"column":27}},"2":{"start":{"line":23,"column":2},"end":{"line":32,"column":4}},"3":{"start":{"line":35,"column":15},"end":{"line":56,"column":2}}},"fnMap":{"0":{"name":"(anonymous_0)","decl":{"start":{"line":15,"column":26},"end":{"line":15,"column":27}},"loc":{"start":{"line":20,"column":23},"end":{"line":33,"column":1}},"line":20}},"branchMap":{"0":{"loc":{"start":{"line":16,"column":2},"end":{"line":16,"column":32}},"type":"default-arg","locations":[{"start":{"line":16,"column":10},"end":{"line":16,"column":32}}],"line":16},"1":{"loc":{"start":{"line":28,"column":7},"end":{"line":30,"column":7}},"type":"binary-expr","locations":[{"start":{"line":28,"column":7},"end":{"line":28,"column":14}},{"start":{"line":29,"column":8},"end":{"line":29,"column":95}}],"line":28}},"s":{"0":0,"1":0,"2":0,"3":0},"f":{"0":0},"b":{"0":[0],"1":[0,0]}}
,"C:\\Users\\shubham\\Documents\\ReactNative\\Orbit\\src\\components\\ui\\goal-card.tsx": {"path":"C:\\Users\\shubham\\Documents\\ReactNative\\Orbit\\src\\components\\ui\\goal-card.tsx","statementMap":{"0":{"start":{"line":15,"column":24},"end":{"line":46,"column":1}},"1":{"start":{"line":16,"column":17},"end":{"line":16,"column":27}},"2":{"start":{"line":18,"column":2},"end":{"line":45,"column":4}},"3":{"start":{"line":48,"column":15},"end":{"line":80,"column":2}}},"fnMap":{"0":{"name":"(anonymous_0)","decl":{"start":{"line":15,"column":24},"end":{"line":15,"column":25}},"loc":{"start":{"line":15,"column":72},"end":{"line":46,"column":1}},"line":15}},"branchMap":{"0":{"loc":{"start":{"line":30,"column":9},"end":{"line":34,"column":9}},"type":"binary-expr","locations":[{"start":{"line":30,"column":9},"end":{"line":30,"column":25}},{"start":{"line":31,"column":10},"end":{"line":33,"column":17}}],"line":30},"1":{"loc":{"start":{"line":40,"column":21},"end":{"line":40,"column":49}},"type":"binary-expr","locations":[{"start":{"line":40,"column":21},"end":{"line":40,"column":36}},{"start":{"line":40,"column":40},"end":{"line":40,"column":49}}],"line":40}},"s":{"0":0,"1":0,"2":0,"3":0},"f":{"0":0},"b":{"0":[0,0],"1":[0,0]}}
,"C:\\Users\\shubham\\Documents\\ReactNative\\Orbit\\src\\components\\ui\\loading-state.tsx": {"path":"C:\\Users\\shubham\\Documents\\ReactNative\\Orbit\\src\\components\\ui\\loading-state.tsx","statementMap":{"0":{"start":{"line":11,"column":28},"end":{"line":22,"column":1}},"1":{"start":{"line":12,"column":17},"end":{"line":12,"column":27}},"2":{"start":{"line":14,"column":2},"end":{"line":21,"column":4}},"3":{"start":{"line":24,"column":15},"end":{"line":36,"column":2}}},"fnMap":{"0":{"name":"(anonymous_0)","decl":{"start":{"line":11,"column":28},"end":{"line":11,"column":29}},"loc":{"start":{"line":11,"column":71},"end":{"line":22,"column":1}},"line":11}},"branchMap":{"0":{"loc":{"start":{"line":17,"column":7},"end":{"line":19,"column":7}},"type":"binary-expr","locations":[{"start":{"line":17,"column":7},"end":{"line":17,"column":14}},{"start":{"line":18,"column":8},"end":{"line":18,"column":88}}],"line":17}},"s":{"0":0,"1":0,"2":0,"3":0},"f":{"0":0},"b":{"0":[0,0]}}
,"C:\\Users\\shubham\\Documents\\ReactNative\\Orbit\\src\\components\\ui\\milestone-card.tsx": {"path":"C:\\Users\\shubham\\Documents\\ReactNative\\Orbit\\src\\components\\ui\\milestone-card.tsx","statementMap":{"0":{"start":{"line":14,"column":29},"end":{"line":41,"column":1}},"1":{"start":{"line":15,"column":17},"end":{"line":15,"column":27}},"2":{"start":{"line":17,"column":2},"end":{"line":40,"column":4}},"3":{"start":{"line":43,"column":15},"end":{"line":65,"column":2}}},"fnMap":{"0":{"name":"(anonymous_0)","decl":{"start":{"line":14,"column":29},"end":{"line":14,"column":30}},"loc":{"start":{"line":14,"column":81},"end":{"line":41,"column":1}},"line":14}},"branchMap":{"0":{"loc":{"start":{"line":24,"column":12},"end":{"line":24,"column":58}},"type":"binary-expr","locations":[{"start":{"line":24,"column":12},"end":{"line":24,"column":34}},{"start":{"line":24,"column":38},"end":{"line":24,"column":58}}],"line":24},"1":{"loc":{"start":{"line":31,"column":19},"end":{"line":31,"column":67}},"type":"cond-expr","locations":[{"start":{"line":31,"column":44},"end":{"line":31,"column":53}},{"start":{"line":31,"column":56},"end":{"line":31,"column":67}}],"line":31},"2":{"loc":{"start":{"line":34,"column":7},"end":{"line":38,"column":7}},"type":"binary-expr","locations":[{"start":{"line":34,"column":7},"end":{"line":34,"column":14}},{"start":{"line":35,"column":8},"end":{"line":37,"column":15}}],"line":34}},"s":{"0":0,"1":0,"2":0,"3":0},"f":{"0":0},"b":{"0":[0,0],"1":[0,0],"2":[0,0]}}
,"C:\\Users\\shubham\\Documents\\ReactNative\\Orbit\\src\\components\\ui\\modal.tsx": {"path":"C:\\Users\\shubham\\Documents\\ReactNative\\Orbit\\src\\components\\ui\\modal.tsx","statementMap":{"0":{"start":{"line":22,"column":21},"end":{"line":52,"column":1}},"1":{"start":{"line":23,"column":17},"end":{"line":23,"column":27}},"2":{"start":{"line":25,"column":2},"end":{"line":51,"column":4}},"3":{"start":{"line":35,"column":26},"end":{"line":35,"column":45}},"4":{"start":{"line":54,"column":15},"end":{"line":82,"column":2}}},"fnMap":{"0":{"name":"(anonymous_0)","decl":{"start":{"line":22,"column":21},"end":{"line":22,"column":22}},"loc":{"start":{"line":22,"column":83},"end":{"line":52,"column":1}},"line":22},"1":{"name":"(anonymous_1)","decl":{"start":{"line":35,"column":19},"end":{"line":35,"column":20}},"loc":{"start":{"line":35,"column":26},"end":{"line":35,"column":45}},"line":35}},"branchMap":{"0":{"loc":{"start":{"line":38,"column":13},"end":{"line":42,"column":13}},"type":"cond-expr","locations":[{"start":{"line":39,"column":14},"end":{"line":39,"column":81}},{"start":{"line":41,"column":14},"end":{"line":41,"column":22}}],"line":38}},"s":{"0":0,"1":0,"2":0,"3":0,"4":0},"f":{"0":0,"1":0},"b":{"0":[0,0]}}
,"C:\\Users\\shubham\\Documents\\ReactNative\\Orbit\\src\\components\\ui\\progress-bar.tsx": {"path":"C:\\Users\\shubham\\Documents\\ReactNative\\Orbit\\src\\components\\ui\\progress-bar.tsx","statementMap":{"0":{"start":{"line":14,"column":27},"end":{"line":44,"column":1}},"1":{"start":{"line":15,"column":17},"end":{"line":15,"column":27}},"2":{"start":{"line":17,"column":24},"end":{"line":21,"column":4}},"3":{"start":{"line":18,"column":4},"end":{"line":20,"column":6}},"4":{"start":{"line":23,"column":2},"end":{"line":43,"column":4}},"5":{"start":{"line":46,"column":15},"end":{"line":56,"column":2}}},"fnMap":{"0":{"name":"(anonymous_0)","decl":{"start":{"line":14,"column":27},"end":{"line":14,"column":28}},"loc":{"start":{"line":14,"column":89},"end":{"line":44,"column":1}},"line":14},"1":{"name":"(anonymous_1)","decl":{"start":{"line":17,"column":41},"end":{"line":17,"column":42}},"loc":{"start":{"line":17,"column":47},"end":{"line":21,"column":3}},"line":17}},"branchMap":{"0":{"loc":{"start":{"line":14,"column":40},"end":{"line":14,"column":50}},"type":"default-arg","locations":[{"start":{"line":14,"column":49},"end":{"line":14,"column":50}}],"line":14},"1":{"loc":{"start":{"line":36,"column":29},"end":{"line":36,"column":49}},"type":"binary-expr","locations":[{"start":{"line":36,"column":29},"end":{"line":36,"column":34}},{"start":{"line":36,"column":38},"end":{"line":36,"column":49}}],"line":36}},"s":{"0":0,"1":0,"2":0,"3":0,"4":0,"5":0},"f":{"0":0,"1":0},"b":{"0":[0],"1":[0,0]}}
,"C:\\Users\\shubham\\Documents\\ReactNative\\Orbit\\src\\components\\ui\\progress-ring.tsx": {"path":"C:\\Users\\shubham\\Documents\\ReactNative\\Orbit\\src\\components\\ui\\progress-ring.tsx","statementMap":{"0":{"start":{"line":8,"column":23},"end":{"line":8,"column":63}},"1":{"start":{"line":19,"column":28},"end":{"line":76,"column":1}},"2":{"start":{"line":27,"column":17},"end":{"line":27,"column":27}},"3":{"start":{"line":28,"column":17},"end":{"line":28,"column":41}},"4":{"start":{"line":29,"column":24},"end":{"line":29,"column":44}},"5":{"start":{"line":31,"column":24},"end":{"line":36,"column":4}},"6":{"start":{"line":32,"column":29},"end":{"line":32,"column":95}},"7":{"start":{"line":33,"column":4},"end":{"line":35,"column":6}},"8":{"start":{"line":38,"column":2},"end":{"line":75,"column":4}},"9":{"start":{"line":78,"column":15},"end":{"line":95,"column":2}}},"fnMap":{"0":{"name":"(anonymous_0)","decl":{"start":{"line":19,"column":28},"end":{"line":19,"column":29}},"loc":{"start":{"line":26,"column":25},"end":{"line":76,"column":1}},"line":26},"1":{"name":"(anonymous_1)","decl":{"start":{"line":31,"column":41},"end":{"line":31,"column":42}},"loc":{"start":{"line":31,"column":47},"end":{"line":36,"column":3}},"line":31}},"branchMap":{"0":{"loc":{"start":{"line":21,"column":2},"end":{"line":21,"column":11}},"type":"default-arg","locations":[{"start":{"line":21,"column":9},"end":{"line":21,"column":11}}],"line":21},"1":{"loc":{"start":{"line":22,"column":2},"end":{"line":22,"column":17}},"type":"default-arg","locations":[{"start":{"line":22,"column":16},"end":{"line":22,"column":17}}],"line":22},"2":{"loc":{"start":{"line":25,"column":2},"end":{"line":25,"column":18}},"type":"default-arg","locations":[{"start":{"line":25,"column":13},"end":{"line":25,"column":18}}],"line":25},"3":{"loc":{"start":{"line":55,"column":18},"end":{"line":55,"column":38}},"type":"binary-expr","locations":[{"start":{"line":55,"column":18},"end":{"line":55,"column":23}},{"start":{"line":55,"column":27},"end":{"line":55,"column":38}}],"line":55},"4":{"loc":{"start":{"line":65,"column":7},"end":{"line":73,"column":7}},"type":"binary-expr","locations":[{"start":{"line":65,"column":7},"end":{"line":65,"column":15}},{"start":{"line":66,"column":8},"end":{"line":72,"column":15}}],"line":65}},"s":{"0":0,"1":0,"2":0,"3":0,"4":0,"5":0,"6":0,"7":0,"8":0,"9":0},"f":{"0":0,"1":0},"b":{"0":[0],"1":[0],"2":[0],"3":[0,0],"4":[0,0]}}
,"C:\\Users\\shubham\\Documents\\ReactNative\\Orbit\\src\\components\\ui\\screen.tsx": {"path":"C:\\Users\\shubham\\Documents\\ReactNative\\Orbit\\src\\components\\ui\\screen.tsx","statementMap":{"0":{"start":{"line":22,"column":22},"end":{"line":54,"column":1}},"1":{"start":{"line":29,"column":17},"end":{"line":29,"column":27}},"2":{"start":{"line":31,"column":20},"end":{"line":31,"column":54}},"3":{"start":{"line":32,"column":25},"end":{"line":32,"column":55}},"4":{"start":{"line":34,"column":2},"end":{"line":53,"column":4}},"5":{"start":{"line":56,"column":15},"end":{"line":74,"column":2}}},"fnMap":{"0":{"name":"(anonymous_0)","decl":{"start":{"line":22,"column":22},"end":{"line":22,"column":23}},"loc":{"start":{"line":28,"column":19},"end":{"line":54,"column":1}},"line":28}},"branchMap":{"0":{"loc":{"start":{"line":26,"column":2},"end":{"line":26,"column":19}},"type":"default-arg","locations":[{"start":{"line":26,"column":15},"end":{"line":26,"column":19}}],"line":26},"1":{"loc":{"start":{"line":27,"column":2},"end":{"line":27,"column":21}},"type":"default-arg","locations":[{"start":{"line":27,"column":17},"end":{"line":27,"column":21}}],"line":27},"2":{"loc":{"start":{"line":31,"column":20},"end":{"line":31,"column":54}},"type":"cond-expr","locations":[{"start":{"line":31,"column":35},"end":{"line":31,"column":47}},{"start":{"line":31,"column":50},"end":{"line":31,"column":54}}],"line":31},"3":{"loc":{"start":{"line":32,"column":25},"end":{"line":32,"column":55}},"type":"cond-expr","locations":[{"start":{"line":32,"column":38},"end":{"line":32,"column":48}},{"start":{"line":32,"column":51},"end":{"line":32,"column":55}}],"line":32},"4":{"loc":{"start":{"line":37,"column":18},"end":{"line":37,"column":62}},"type":"cond-expr","locations":[{"start":{"line":37,"column":42},"end":{"line":37,"column":51}},{"start":{"line":37,"column":54},"end":{"line":37,"column":62}}],"line":37},"5":{"loc":{"start":{"line":44,"column":12},"end":{"line":44,"column":38}},"type":"binary-expr","locations":[{"start":{"line":44,"column":12},"end":{"line":44,"column":23}},{"start":{"line":44,"column":27},"end":{"line":44,"column":38}}],"line":44}},"s":{"0":0,"1":0,"2":0,"3":0,"4":0,"5":0},"f":{"0":0},"b":{"0":[0],"1":[0],"2":[0,0],"3":[0,0],"4":[0,0],"5":[0,0]}}
[...]
mn":3}},"loc":{"start":{"line":20,"column":21},"end":{"line":86,"column":3}},"line":20},"1":{"name":"(anonymous_1)","decl":{"start":{"line":25,"column":39},"end":{"line":25,"column":40}},"loc":{"start":{"line":25,"column":44},"end":{"line":25,"column":93}},"line":25},"2":{"name":"(anonymous_2)","decl":{"start":{"line":27,"column":48},"end":{"line":27,"column":49}},"loc":{"start":{"line":27,"column":58},"end":{"line":40,"column":5}},"line":27},"3":{"name":"(anonymous_3)","decl":{"start":{"line":88,"column":2},"end":{"line":88,"column":3}},"loc":{"start":{"line":88,"column":106},"end":{"line":100,"column":3}},"line":88},"4":{"name":"(anonymous_4)","decl":{"start":{"line":89,"column":23},"end":{"line":89,"column":24}},"loc":{"start":{"line":89,"column":32},"end":{"line":99,"column":5}},"line":89},"5":{"name":"(anonymous_5)","decl":{"start":{"line":102,"column":2},"end":{"line":102,"column":3}},"loc":{"start":{"line":102,"column":63},"end":{"line":106,"column":3}},"line":102}},"branchMap":{"0":{"loc":{"start":{"line":17,"column":4},"end":{"line":17,"column":27}},"type":"default-arg","locations":[{"start":{"line":17,"column":17},"end":{"line":17,"column":27}}],"line":17},"1":{"loc":{"start":{"line":18,"column":4},"end":{"line":18,"column":40}},"type":"default-arg","locations":[{"start":{"line":18,"column":38},"end":{"line":18,"column":40}}],"line":18},"2":{"loc":{"start":{"line":19,"column":4},"end":{"line":19,"column":33}},"type":"default-arg","locations":[{"start":{"line":19,"column":28},"end":{"line":19,"column":33}}],"line":19},"3":{"loc":{"start":{"line":25,"column":44},"end":{"line":25,"column":93}},"type":"binary-expr","locations":[{"start":{"line":25,"column":44},"end":{"line":25,"column":63}},{"start":{"line":25,"column":67},"end":{"line":25,"column":93}}],"line":25},"4":{"loc":{"start":{"line":29,"column":6},"end":{"line":31,"column":7}},"type":"if","locations":[{"start":{"line":29,"column":6},"end":{"line":31,"column":7}},{"start":{},"end":{}}],"line":29},"5":{"loc":{"start":{"line":33,"column":6},"end":{"line":35,"column":7}},"type":"if","locations":[{"start":{"line":33,"column":6},"end":{"line":35,"column":7}},{"start":{},"end":{}}],"line":33},"6":{"loc":{"start":{"line":33,"column":10},"end":{"line":33,"column":32}},"type":"binary-expr","locations":[{"start":{"line":33,"column":10},"end":{"line":33,"column":19}},{"start":{"line":33,"column":23},"end":{"line":33,"column":32}}],"line":33},"7":{"loc":{"start":{"line":36,"column":6},"end":{"line":36,"column":31}},"type":"if","locations":[{"start":{"line":36,"column":6},"end":{"line":36,"column":31}},{"start":{},"end":{}}],"line":36},"8":{"loc":{"start":{"line":37,"column":6},"end":{"line":37,"column":30}},"type":"if","locations":[{"start":{"line":37,"column":6},"end":{"line":37,"column":30}},{"start":{},"end":{}}],"line":37},"9":{"loc":{"start":{"line":39,"column":14},"end":{"line":39,"column":38}},"type":"binary-expr","locations":[{"start":{"line":39,"column":14},"end":{"line":39,"column":33}},{"start":{"line":39,"column":37},"end":{"line":39,"column":38}}],"line":39},"10":{"loc":{"start":{"line":39,"column":43},"end":{"line":39,"column":67}},"type":"binary-expr","locations":[{"start":{"line":39,"column":43},"end":{"line":39,"column":62}},{"start":{"line":39,"column":66},"end":{"line":39,"column":67}}],"line":39},"11":{"loc":{"start":{"line":44,"column":4},"end":{"line":46,"column":5}},"type":"if","locations":[{"start":{"line":44,"column":4},"end":{"line":46,"column":5}},{"start":{},"end":{}}],"line":44},"12":{"loc":{"start":{"line":44,"column":8},"end":{"line":44,"column":47}},"type":"binary-expr","locations":[{"start":{"line":44,"column":8},"end":{"line":44,"column":20}},{"start":{"line":44,"column":24},"end":{"line":44,"column":47}}],"line":44},"13":{"loc":{"start":{"line":49,"column":6},"end":{"line":49,"column":48}},"type":"if","locations":[{"start":{"line":49,"column":6},"end":{"line":49,"column":48}},{"start":{},"end":{}}],"line":49},"14":{"loc":{"start":{"line":51,"column":23},"end":{"line":51,"column":51}},"type":"binary-expr","locations":[{"start":{"line":51,"column":23},"end":{"line":51,"column":45}},{"start":{"line":51,"column":49},"end":{"line":51,"column":51}}],"line":51},"15":{"loc":{"start":{"line":56,"column":8},"end":{"line":59,"column":9}},"type":"if","locations":[{"start":{"line":56,"column":8},"end":{"line":59,"column":9}},{"start":{},"end":{}}],"line":56},"16":{"loc":{"start":{"line":62,"column":8},"end":{"line":67,"column":9}},"type":"if","locations":[{"start":{"line":62,"column":8},"end":{"line":67,"column":9}},{"start":{"line":65,"column":15},"end":{"line":67,"column":9}}],"line":62},"17":{"loc":{"start":{"line":70,"column":6},"end":{"line":70,"column":50}},"type":"if","locations":[{"start":{"line":70,"column":6},"end":{"line":70,"column":50}},{"start":{},"end":{}}],"line":70},"18":{"loc":{"start":{"line":94,"column":8},"end":{"line":97,"column":50}},"type":"binary-expr","locations":[{"start":{"line":94,"column":9},"end":{"line":94,"column":35}},{"start":{"line":94,"column":39},"end":{"line":94,"column":64}},{"start":{"line":95,"column":9},"end":{"line":95,"column":33}},{"start":{"line":95,"column":37},"end":{"line":95,"column":60}},{"start":{"line":96,"column":9},"end":{"line":96,"column":34}},{"start":{"line":96,"column":38},"end":{"line":96,"column":62}},{"start":{"line":97,"column":9},"end":{"line":97,"column":49}}],"line":94}},"s":{"0":8,"1":8,"2":8,"3":8,"4":17,"5":8,"6":9,"7":9,"8":9,"9":0,"10":0,"11":0,"12":0,"13":0,"14":0,"15":0,"16":8,"17":8,"18":8,"19":3,"20":8,"21":17,"22":0,"23":17,"24":17,"25":17,"26":17,"27":18,"28":2,"29":2,"30":16,"31":16,"32":1,"33":1,"34":15,"35":17,"36":2,"37":15,"38":15,"39":8,"40":16,"41":4,"42":4,"43":4,"44":0,"45":0,"46":0},"f":{"0":8,"1":17,"2":9,"3":16,"4":4,"5":0},"b":{"0":[0],"1":[4],"2":[5],"3":[17,0],"4":[9,0],"5":[0,0],"6":[0,0],"7":[0,0],"8":[0,0],"9":[0,0],"10":[0,0],"11":[3,5],"12":[8,3],"13":[0,17],"14":[17,0],"15":[2,16],"16":[1,15],"17":[2,15],"18":[4,2,4,3,4,2,3]},"_coverageSchema":"1a1c01bbd47fc00a2c39e90264f33305004495a9","hash":"3a9c31bac5e07d3beb712a66b9b610d8273f800d"}
,"C:\\Users\\shubham\\Documents\\ReactNative\\Orbit\\src\\utils\\test-utils.tsx": {"path":"C:\\Users\\shubham\\Documents\\ReactNative\\Orbit\\src\\utils\\test-utils.tsx","statementMap":{"0":{"start":{"line":5,"column":20},"end":{"line":11,"column":2}},"1":{"start":{"line":13,"column":24},"end":{"line":19,"column":1}},"2":{"start":{"line":14,"column":2},"end":{"line":18,"column":4}},"3":{"start":{"line":21,"column":21},"end":{"line":24,"column":57}},"4":{"start":{"line":24,"column":5},"end":{"line":24,"column":57}}},"fnMap":{"0":{"name":"(anonymous_0)","decl":{"start":{"line":13,"column":24},"end":{"line":13,"column":25}},"loc":{"start":{"line":13,"column":73},"end":{"line":19,"column":1}},"line":13},"1":{"name":"(anonymous_1)","decl":{"start":{"line":21,"column":21},"end":{"line":21,"column":22}},"loc":{"start":{"line":24,"column":5},"end":{"line":24,"column":57}},"line":24}},"branchMap":{},"s":{"0":0,"1":0,"2":0,"3":0,"4":0},"f":{"0":0,"1":0},"b":{}}
,"C:\\Users\\shubham\\Documents\\ReactNative\\Orbit\\src\\utils\\__tests__\\date.test.ts": {"path":"C:\\Users\\shubham\\Documents\\ReactNative\\Orbit\\src\\utils\\__tests__\\date.test.ts","statementMap":{"0":{"start":{"line":3,"column":0},"end":{"line":21,"column":3}},"1":{"start":{"line":4,"column":2},"end":{"line":7,"column":5}},"2":{"start":{"line":5,"column":17},"end":{"line":5,"column":38}},"3":{"start":{"line":6,"column":4},"end":{"line":6,"column":62}},"4":{"start":{"line":9,"column":2},"end":{"line":11,"column":5}},"5":{"start":{"line":10,"column":4},"end":{"line":10,"column":80}},"6":{"start":{"line":13,"column":2},"end":{"line":15,"column":5}},"7":{"start":{"line":14,"column":4},"end":{"line":14,"column":55}},"8":{"start":{"line":17,"column":2},"end":{"line":20,"column":5}},"9":{"start":{"line":18,"column":17},"end":{"line":18,"column":48}},"10":{"start":{"line":19,"column":4},"end":{"line":19,"column":57}}},"fnMap":{"0":{"name":"(anonymous_0)","decl":{"start":{"line":3,"column":23},"end":{"line":3,"column":24}},"loc":{"start":{"line":3,"column":29},"end":{"line":21,"column":1}},"line":3},"1":{"name":"(anonymous_1)","decl":{"start":{"line":4,"column":40},"end":{"line":4,"column":41}},"loc":{"start":{"line":4,"column":46},"end":{"line":7,"column":3}},"line":4},"2":{"name":"(anonymous_2)","decl":{"start":{"line":9,"column":40},"end":{"line":9,"column":41}},"loc":{"start":{"line":9,"column":46},"end":{"line":11,"column":3}},"line":9},"3":{"name":"(anonymous_3)","decl":{"start":{"line":13,"column":47},"end":{"line":13,"column":48}},"loc":{"start":{"line":13,"column":53},"end":{"line":15,"column":3}},"line":13},"4":{"name":"(anonymous_4)","decl":{"start":{"line":17,"column":31},"end":{"line":17,"column":32}},"loc":{"start":{"line":17,"column":37},"end":{"line":20,"column":3}},"line":17}},"branchMap":{},"s":{"0":0,"1":0,"2":0,"3":0,"4":0,"5":0,"6":0,"7":0,"8":0,"9":0,"10":0},"f":{"0":0,"1":0,"2":0,"3":0,"4":0},"b":{}}
,"C:\\Users\\shubham\\Documents\\ReactNative\\Orbit\\src\\utils\\__tests__\\id.test.ts": {"path":"C:\\Users\\shubham\\Documents\\ReactNative\\Orbit\\src\\utils\\__tests__\\id.test.ts","statementMap":{"0":{"start":{"line":3,"column":0},"end":{"line":5,"column":4}},"1":{"start":{"line":3,"column":25},"end":{"line":5,"column":1}},"2":{"start":{"line":7,"column":0},"end":{"line":12,"column":3}},"3":{"start":{"line":8,"column":2},"end":{"line":11,"column":5}},"4":{"start":{"line":9,"column":15},"end":{"line":9,"column":27}},"5":{"start":{"line":10,"column":4},"end":{"line":10,"column":33}}},"fnMap":{"0":{"name":"(anonymous_0)","decl":{"start":{"line":3,"column":18},"end":{"line":3,"column":19}},"loc":{"start":{"line":3,"column":25},"end":{"line":5,"column":1}},"line":3},"1":{"name":"(anonymous_1)","decl":{"start":{"line":7,"column":21},"end":{"line":7,"column":22}},"loc":{"start":{"line":7,"column":27},"end":{"line":12,"column":1}},"line":7},"2":{"name":"(anonymous_2)","decl":{"start":{"line":8,"column":38},"end":{"line":8,"column":39}},"loc":{"start":{"line":8,"column":44},"end":{"line":11,"column":3}},"line":8}},"branchMap":{},"s":{"0":0,"1":0,"2":0,"3":0,"4":0,"5":0},"f":{"0":0,"1":0,"2":0},"b":{}}
,"C:\\Users\\shubham\\Documents\\ReactNative\\Orbit\\src\\utils\\__tests__\\logger.test.ts": {"path":"C:\\Users\\shubham\\Documents\\ReactNative\\Orbit\\src\\utils\\__tests__\\logger.test.ts","statementMap":{"0":{"start":{"line":3,"column":0},"end":{"line":30,"column":3}},"1":{"start":{"line":4,"column":2},"end":{"line":8,"column":5}},"2":{"start":{"line":5,"column":4},"end":{"line":5,"column":52}},"3":{"start":{"line":6,"column":4},"end":{"line":6,"column":53}},"4":{"start":{"line":7,"column":4},"end":{"line":7,"column":54}},"5":{"start":{"line":10,"column":2},"end":{"line":12,"column":5}},"6":{"start":{"line":11,"column":4},"end":{"line":11,"column":27}},"7":{"start":{"line":14,"column":2},"end":{"line":23,"column":5}},"8":{"start":{"line":15,"column":4},"end":{"line":15,"column":32}},"9":{"start":{"line":16,"column":4},"end":{"line":16,"column":71}},"10":{"start":{"line":18,"column":4},"end":{"line":18,"column":32}},"11":{"start":{"line":19,"column":4},"end":{"line":19,"column":72}},"12":{"start":{"line":21,"column":4},"end":{"line":21,"column":34}},"13":{"start":{"line":22,"column":4},"end":{"line":22,"column":75}},"14":{"start":{"line":25,"column":2},"end":{"line":29,"column":5}},"15":{"start":{"line":27,"column":4},"end":{"line":27,"column":34}},"16":{"start":{"line":28,"column":4},"end":{"line":28,"column":73}}},"fnMap":{"0":{"name":"(anonymous_0)","decl":{"start":{"line":3,"column":19},"end":{"line":3,"column":20}},"loc":{"start":{"line":3,"column":25},"end":{"line":30,"column":1}},"line":3},"1":{"name":"(anonymous_1)","decl":{"start":{"line":4,"column":13},"end":{"line":4,"column":14}},"loc":{"start":{"line":4,"column":19},"end":{"line":8,"column":3}},"line":4},"2":{"name":"(anonymous_2)","decl":{"start":{"line":10,"column":12},"end":{"line":10,"column":13}},"loc":{"start":{"line":10,"column":18},"end":{"line":12,"column":3}},"line":10},"3":{"name":"(anonymous_3)","decl":{"start":{"line":14,"column":34},"end":{"line":14,"column":35}},"loc":{"start":{"line":14,"column":40},"end":{"line":23,"column":3}},"line":14},"4":{"name":"(anonymous_4)","decl":{"start":{"line":25,"column":31},"end":{"line":25,"column":32}},"loc":{"start":{"line":25,"column":37},"end":{"line":29,"column":3}},"line":25}},"branchMap":{},"s":{"0":0,"1":0,"2":0,"3":0,"4":0,"5":0,"6":0,"7":0,"8":0,"9":0,"10":0,"11":0,"12":0,"13":0,"14":0,"15":0,"16":0},"f":{"0":0,"1":0,"2":0,"3":0,"4":0},"b":{}}
,"C:\\Users\\shubham\\Documents\\ReactNative\\Orbit\\src\\utils\\__tests__\\replanner.test.ts": {"path":"C:\\Users\\shubham\\Documents\\ReactNative\\Orbit\\src\\utils\\__tests__\\replanner.test.ts","statementMap":{"0":{"start":{"line":6,"column":0},"end":{"line":71,"column":3}},"1":{"start":{"line":7,"column":37},"end":{"line":10,"column":3}},"2":{"start":{"line":12,"column":24},"end":{"line":31,"column":3}},"3":{"start":{"line":33,"column":43},"end":{"line":52,"column":3}},"4":{"start":{"line":54,"column":2},"end":{"line":60,"column":5}},"5":{"start":{"line":55,"column":16},"end":{"line":55,"column":48}},"6":{"start":{"line":56,"column":19},"end":{"line":56,"column":78}},"7":{"start":{"line":58,"column":4},"end":{"line":58,"column":47}},"8":{"start":{"line":59,"column":4},"end":{"line":59,"column":48}},"9":{"start":{"line":62,"column":2},"end":{"line":70,"column":5}},"10":{"start":{"line":63,"column":16},"end":{"line":63,"column":48}},"11":{"start":{"line":64,"column":19},"end":{"line":64,"column":78}},"12":{"start":{"line":66,"column":4},"end":{"line":66,"column":57}},"13":{"start":{"line":67,"column":28},"end":{"line":67,"column":69}},"14":{"start":{"line":68,"column":4},"end":{"line":68,"column":82}},"15":{"start":{"line":69,"column":4},"end":{"line":69,"column":66}}},"fnMap":{"0":{"name":"(anonymous_0)","decl":{"start":{"line":6,"column":22},"end":{"line":6,"column":23}},"loc":{"start":{"line":6,"column":28},"end":{"line":71,"column":1}},"line":6},"1":{"name":"(anonymous_1)","decl":{"start":{"line":54,"column":39},"end":{"line":54,"column":40}},"loc":{"start":{"line":54,"column":45},"end":{"line":60,"column":3}},"line":54},"2":{"name":"(anonymous_2)","decl":{"start":{"line":62,"column":51},"end":{"line":62,"column":52}},"loc":{"start":{"line":62,"column":57},"end":{"line":70,"column":3}},"line":62}},"branchMap":{},"s":{"0":0,"1":0,"2":0,"3":0,"4":0,"5":0,"6":0,"7":0,"8":0,"9":0,"10":0,"11":0,"12":0,"13":0,"14":0,"15":0},"f":{"0":0,"1":0,"2":0},"b":{}}
,"C:\\Users\\shubham\\Documents\\ReactNative\\Orbit\\src\\utils\\__tests__\\result.test.ts": {"path":"C:\\Users\\shubham\\Documents\\ReactNative\\Orbit\\src\\utils\\__tests__\\result.test.ts","statementMap":{"0":{"start":{"line":3,"column":0},"end":{"line":13,"column":3}},"1":{"start":{"line":4,"column":2},"end":{"line":7,"column":5}},"2":{"start":{"line":5,"column":16},"end":{"line":5,"column":31}},"3":{"start":{"line":6,"column":4},"end":{"line":6,"column":57}},"4":{"start":{"line":9,"column":2},"end":{"line":12,"column":5}},"5":{"start":{"line":10,"column":16},"end":{"line":10,"column":32}},"6":{"start":{"line":11,"column":4},"end":{"line":11,"column":60}}},"fnMap":{"0":{"name":"(anonymous_0)","decl":{"start":{"line":3,"column":25},"end":{"line":3,"column":26}},"loc":{"start":{"line":3,"column":31},"end":{"line":13,"column":1}},"line":3},"1":{"name":"(anonymous_1)","decl":{"start":{"line":4,"column":31},"end":{"line":4,"column":32}},"loc":{"start":{"line":4,"column":37},"end":{"line":7,"column":3}},"line":4},"2":{"name":"(anonymous_2)","decl":{"start":{"line":9,"column":31},"end":{"line":9,"column":32}},"loc":{"start":{"line":9,"column":37},"end":{"line":12,"column":3}},"line":9}},"branchMap":{},"s":{"0":0,"1":0,"2":0,"3":0,"4":0,"5":0,"6":0},"f":{"0":0,"1":0,"2":0},"b":{}}
,"C:\\Users\\shubham\\Documents\\ReactNative\\Orbit\\src\\utils\\__tests__\\scheduler.test.ts": {"path":"C:\\Users\\shubham\\Documents\\ReactNative\\Orbit\\src\\utils\\__tests__\\scheduler.test.ts","statementMap":{"0":{"start":{"line":5,"column":0},"end":{"line":135,"column":3}},"1":{"start":{"line":6,"column":37},"end":{"line":9,"column":3}},"2":{"start":{"line":11,"column":16},"end":{"line":11,"column":36}},"3":{"start":{"line":13,"column":28},"end":{"line":41,"column":3}},"4":{"start":{"line":43,"column":2},"end":{"line":46,"column":5}},"5":{"start":{"line":44,"column":21},"end":{"line":44,"column":62}},"6":{"start":{"line":45,"column":4},"end":{"line":45,"column":34}},"7":{"start":{"line":48,"column":2},"end":{"line":54,"column":5}},"8":{"start":{"line":49,"column":21},"end":{"line":49,"column":79}},"9":{"start":{"line":50,"column":4},"end":{"line":50,"column":37}},"10":{"start":{"line":51,"column":4},"end":{"line":51,"column":41}},"11":{"start":{"line":52,"column":4},"end":{"line":52,"column":41}},"12":{"start":{"line":53,"column":4},"end":{"line":53,"column":41}},"13":{"start":{"line":56,"column":2},"end":{"line":68,"column":5}},"14":{"start":{"line":57,"column":27},"end":{"line":65,"column":5}},"15":{"start":{"line":66,"column":21},"end":{"line":66,"column":80}},"16":{"start":{"line":67,"column":4},"end":{"line":67,"column":37}},"17":{"start":{"line":70,"column":2},"end":{"line":101,"column":5}},"18":{"start":{"line":71,"column":21},"end":{"line":71,"column":53}},"19":{"start":{"line":72,"column":44},"end":{"line":81,"column":5}},"20":{"start":{"line":83,"column":26},"end":{"line":91,"column":6}},"21":{"start":{"line":93,"column":21},"end":{"line":93,"column":94}},"22":{"start":{"line":98,"column":4},"end":{"line":98,"column":37}},"23":{"start":{"line":99,"column":4},"end":{"line":99,"column":67}},"24":{"start":{"line":100,"column":4},"end":{"line":100,"column":65}},"25":{"start":{"line":103,"column":2},"end":{"line":106,"column":5}},"26":{"start":{"line":104,"column":21},"end":{"line":104,"column":72}},"27":{"start":{"line":105,"column":4},"end":{"line":105,"column":37}},"28":{"start":{"line":108,"column":2},"end":{"line":134,"column":5}},"29":{"start":{"line":109,"column":26},"end":{"line":130,"column":7}},"30":{"start":{"line":131,"column":23},"end":{"line":131,"column":77}},"31":{"start":{"line":132,"column":6},"end":{"line":132,"column":44}},"32":{"start":{"line":133,"column":6},"end":{"line":133,"column":44}}},"fnMap":{"0":{"name":"(anonymous_0)","decl":{"start":{"line":5,"column":22},"end":{"line":5,"column":23}},"loc":{"start":{"line":5,"column":28},"end":{"line":135,"column":1}},"line":5},"1":{"name":"(anonymous_1)","decl":{"start":{"line":43,"column":44},"end":{"line":43,"column":45}},"loc":{"start":{"line":43,"column":50},"end":{"line":46,"column":3}},"line":43},"2":{"name":"(anonymous_2)","decl":{"start":{"line":48,"column":49},"end":{"line":48,"column":50}},"loc":{"start":{"line":48,"column":55},"end":{"line":54,"column":3}},"line":48},"3":{"name":"(anonymous_3)","decl":{"start":{"line":56,"column":64},"end":{"line":56,"column":65}},"loc":{"start":{"line":56,"column":70},"end":{"line":68,"column":3}},"line":56},"4":{"name":"(anonymous_4)","decl":{"start":{"line":70,"column":59},"end":{"line":70,"column":60}},"loc":{"start":{"line":70,"column":65},"end":{"line":101,"column":3}},"line":70},"5":{"name":"(anonymous_5)","decl":{"start":{"line":103,"column":32},"end":{"line":103,"column":33}},"loc":{"start":{"line":103,"column":38},"end":{"line":106,"column":3}},"line":103},"6":{"name":"(anonymous_6)","decl":{"start":{"line":108,"column":56},"end":{"line":108,"column":57}},"loc":{"start":{"line":108,"column":62},"end":{"line":134,"column":3}},"line":108}},"branchMap":{},"s":{"0":0,"1":0,"2":0,"3":0,"4":0,"5":0,"6":0,"7":0,"8":0,"9":0,"10":0,"11":0,"12":0,"13":0,"14":0,"15":0,"16":0,"17":0,"18":0,"19":0,"20":0,"21":0,"22":0,"23":0,"24":0,"25":0,"26":0,"27":0,"28":0,"29":0,"30":0,"31":0,"32":0},"f":{"0":0,"1":0,"2":0,"3":0,"4":0,"5":0,"6":0},"b":{}}
}
